This file contains any messages produced by compilers while
running configure, to aid debugging if configure makes a mistake.

It was created by Icecast configure 2.2.0, which was
generated by GNU Autoconf 2.57.  Invocation command line was

  $ ./configure 

## --------- ##
## Platform. ##
## --------- ##

hostname = black
uname -m = x86_64
uname -r = 3.0.0-12-generic
uname -s = Linux
uname -v = #20-Ubuntu SMP Fri Oct 7 14:56:25 UTC 2011

/usr/bin/uname -p = unknown
/bin/uname -X     = unknown

/bin/arch              = unknown
/usr/bin/arch -k       = unknown
/usr/convex/getsysinfo = unknown
hostinfo               = unknown
/bin/machine           = unknown
/usr/bin/oslevel       = unknown
/bin/universe          = unknown

PATH: /home/hayden/.rvm/gems/ruby-1.9.2-p180@rails3/bin
PATH: /home/hayden/.rvm/gems/ruby-1.9.2-p180@global/bin
PATH: /home/hayden/.rvm/rubies/ruby-1.9.2-p180/bin
PATH: /home/hayden/.rvm/bin
PATH: /usr/lib/lightdm/lightdm
PATH: /usr/local/sbin
PATH: /usr/local/bin
PATH: /usr/sbin
PATH: /usr/bin
PATH: /sbin
PATH: /bin
PATH: /usr/games


## ----------- ##
## Core tests. ##
## ----------- ##

configure:1552: checking for a BSD-compatible install
configure:1606: result: /usr/bin/install -c
configure:1617: checking whether build environment is sane
configure:1660: result: yes
configure:1693: checking for gawk
configure:1722: result: no
configure:1693: checking for mawk
configure:1709: found /usr/bin/mawk
configure:1719: result: mawk
configure:1729: checking whether make sets $(MAKE)
configure:1749: result: yes
configure:1900: checking whether to enable maintainer-specific portions of Makefiles
configure:1909: result: no
configure:1971: checking for gcc
configure:1987: found /usr/bin/gcc
configure:1997: result: gcc
configure:2241: checking for C compiler version
configure:2244: gcc --version </dev/null >&5
gcc (Ubuntu/Linaro 4.6.1-9ubuntu3) 4.6.1
Copyright (C) 2011 Free Software Foundation, Inc.
This is free software; see the source for copying conditions.  There is NO
warranty; not even for MERCHANTABILITY or FITNESS FOR A PARTICULAR PURPOSE.

configure:2247: $? = 0
configure:2249: gcc -v </dev/null >&5
Using built-in specs.
COLLECT_GCC=gcc
COLLECT_LTO_WRAPPER=/usr/lib/gcc/x86_64-linux-gnu/4.6.1/lto-wrapper
Target: x86_64-linux-gnu
Configured with: ../src/configure -v --with-pkgversion='Ubuntu/Linaro 4.6.1-9ubuntu3' --with-bugurl=file:///usr/share/doc/gcc-4.6/README.Bugs --enable-languages=c,c++,fortran,objc,obj-c++,go --prefix=/usr --program-suffix=-4.6 --enable-shared --enable-linker-build-id --with-system-zlib --libexecdir=/usr/lib --without-included-gettext --enable-threads=posix --with-gxx-include-dir=/usr/include/c++/4.6 --libdir=/usr/lib --enable-nls --with-sysroot=/ --enable-clocale=gnu --enable-libstdcxx-debug --enable-libstdcxx-time=yes --enable-plugin --enable-objc-gc --disable-werror --with-arch-32=i686 --with-tune=generic --enable-checking=release --build=x86_64-linux-gnu --host=x86_64-linux-gnu --target=x86_64-linux-gnu
Thread model: posix
gcc version 4.6.1 (Ubuntu/Linaro 4.6.1-9ubuntu3) 
configure:2252: $? = 0
configure:2254: gcc -V </dev/null >&5
gcc: error: unrecognized option '-V'
gcc: fatal error: no input files
compilation terminated.
configure:2257: $? = 4
configure:2281: checking for C compiler default output
configure:2284: gcc    conftest.c  >&5
configure:2287: $? = 0
configure:2333: result: a.out
configure:2338: checking whether the C compiler works
configure:2344: ./a.out
configure:2347: $? = 0
configure:2364: result: yes
configure:2371: checking whether we are cross compiling
configure:2373: result: no
configure:2376: checking for suffix of executables
configure:2378: gcc -o conftest    conftest.c  >&5
configure:2381: $? = 0
configure:2406: result: 
configure:2412: checking for suffix of object files
configure:2434: gcc -c   conftest.c >&5
configure:2437: $? = 0
configure:2459: result: o
configure:2463: checking whether we are using the GNU C compiler
configure:2488: gcc -c   conftest.c >&5
configure:2491: $? = 0
configure:2494: test -s conftest.o
configure:2497: $? = 0
configure:2510: result: yes
configure:2516: checking whether gcc accepts -g
configure:2538: gcc -c -g  conftest.c >&5
configure:2541: $? = 0
configure:2544: test -s conftest.o
configure:2547: $? = 0
configure:2558: result: yes
configure:2575: checking for gcc option to accept ANSI C
configure:2636: gcc  -c -g -O2  conftest.c >&5
configure:2639: $? = 0
configure:2642: test -s conftest.o
configure:2645: $? = 0
configure:2663: result: none needed
configure:2681: gcc -c -g -O2  conftest.c >&5
conftest.c:2:3: error: unknown type name 'choke'
conftest.c:2:3: error: expected '=', ',', ';', 'asm' or '__attribute__' at end of input
configure:2684: $? = 1
configure: failed program was:
| #ifndef __cplusplus
|   choke me
| #endif
configure:2812: checking for style of include used by make
configure:2840: result: GNU
configure:2868: checking dependency style of gcc
configure:2930: result: gcc3
configure:2941: checking build system type
configure:2959: result: x86_64-unknown-linux-gnu
configure:2967: checking host system type
configure:2981: result: x86_64-unknown-linux-gnu
configure:3061: checking for a sed that does not truncate output
configure:3115: result: /bin/sed
configure:3118: checking for egrep
configure:3128: result: grep -E
configure:3144: checking for ld used by gcc
configure:3211: result: /usr/bin/ld
configure:3220: checking if the linker (/usr/bin/ld) is GNU ld
configure:3235: result: yes
configure:3240: checking for /usr/bin/ld option to reload object files
configure:3247: result: -r
configure:3256: checking for BSD-compatible nm
configure:3298: result: /usr/bin/nm -B
configure:3302: checking whether ln -s works
configure:3306: result: yes
configure:3313: checking how to recognise dependent libraries
configure:3513: result: pass_all
configure:3598: gcc -c -g -O2  conftest.c >&5
configure:3601: $? = 0
configure:3717: checking how to run the C preprocessor
configure:3753: gcc -E  conftest.c
configure:3759: $? = 0
configure:3791: gcc -E  conftest.c
configure:3792:28: fatal error: ac_nonexistent.h: No such file or directory
compilation terminated.
configure:3797: $? = 1
configure: failed program was:
| #line 3782 "configure"
| /* confdefs.h.  */
| 
| #define PACKAGE_NAME "Icecast"
| #define PACKAGE_TARNAME "icecast"
| #define PACKAGE_VERSION "2.2.0"
| #define PACKAGE_STRING "Icecast 2.2.0"
| #define PACKAGE_BUGREPORT "icecast@xiph.org"
| #define PACKAGE "icecast"
| #define VERSION "2.2.0"
| /* end confdefs.h.  */
| #include <ac_nonexistent.h>
configure:3835: result: gcc -E
configure:3860: gcc -E  conftest.c
configure:3866: $? = 0
configure:3898: gcc -E  conftest.c
configure:3899:28: fatal error: ac_nonexistent.h: No such file or directory
compilation terminated.
configure:3904: $? = 1
configure: failed program was:
| #line 3889 "configure"
| /* confdefs.h.  */
| 
| #define PACKAGE_NAME "Icecast"
| #define PACKAGE_TARNAME "icecast"
| #define PACKAGE_VERSION "2.2.0"
| #define PACKAGE_STRING "Icecast 2.2.0"
| #define PACKAGE_BUGREPORT "icecast@xiph.org"
| #define PACKAGE "icecast"
| #define VERSION "2.2.0"
| /* end confdefs.h.  */
| #include <ac_nonexistent.h>
configure:3947: checking for ANSI C header files
configure:3973: gcc -c -g -O2  conftest.c >&5
configure:3976: $? = 0
configure:3979: test -s conftest.o
configure:3982: $? = 0
configure:4074: gcc -o conftest -g -O2   conftest.c  >&5
configure: In function 'main':
configure:4069:7: warning: incompatible implicit declaration of built-in function 'exit' [enabled by default]
configure:4077: $? = 0
configure:4079: ./conftest
configure:4082: $? = 0
configure:4097: result: yes
configure:4121: checking for sys/types.h
configure:4138: gcc -c -g -O2  conftest.c >&5
configure:4141: $? = 0
configure:4144: test -s conftest.o
configure:4147: $? = 0
configure:4158: result: yes
configure:4121: checking for sys/stat.h
configure:4138: gcc -c -g -O2  conftest.c >&5
configure:4141: $? = 0
configure:4144: test -s conftest.o
configure:4147: $? = 0
configure:4158: result: yes
configure:4121: checking for stdlib.h
configure:4138: gcc -c -g -O2  conftest.c >&5
configure:4141: $? = 0
configure:4144: test -s conftest.o
configure:4147: $? = 0
configure:4158: result: yes
configure:4121: checking for string.h
configure:4138: gcc -c -g -O2  conftest.c >&5
configure:4141: $? = 0
configure:4144: test -s conftest.o
configure:4147: $? = 0
configure:4158: result: yes
configure:4121: checking for memory.h
configure:4138: gcc -c -g -O2  conftest.c >&5
configure:4141: $? = 0
configure:4144: test -s conftest.o
configure:4147: $? = 0
configure:4158: result: yes
configure:4121: checking for strings.h
configure:4138: gcc -c -g -O2  conftest.c >&5
configure:4141: $? = 0
configure:4144: test -s conftest.o
configure:4147: $? = 0
configure:4158: result: yes
configure:4121: checking for inttypes.h
configure:4138: gcc -c -g -O2  conftest.c >&5
configure:4141: $? = 0
configure:4144: test -s conftest.o
configure:4147: $? = 0
configure:4158: result: yes
configure:4121: checking for stdint.h
configure:4138: gcc -c -g -O2  conftest.c >&5
configure:4141: $? = 0
configure:4144: test -s conftest.o
configure:4147: $? = 0
configure:4158: result: yes
configure:4121: checking for unistd.h
configure:4138: gcc -c -g -O2  conftest.c >&5
configure:4141: $? = 0
configure:4144: test -s conftest.o
configure:4147: $? = 0
configure:4158: result: yes
configure:4184: checking dlfcn.h usability
configure:4197: gcc -c -g -O2  conftest.c >&5
configure:4200: $? = 0
configure:4203: test -s conftest.o
configure:4206: $? = 0
configure:4216: result: yes
configure:4220: checking dlfcn.h presence
configure:4231: gcc -E  conftest.c
configure:4237: $? = 0
configure:4256: result: yes
configure:4292: checking for dlfcn.h
configure:4299: result: yes
configure:4364: checking for g++
configure:4380: found /usr/bin/g++
configure:4390: result: g++
configure:4406: checking for C++ compiler version
configure:4409: g++ --version </dev/null >&5
g++ (Ubuntu/Linaro 4.6.1-9ubuntu3) 4.6.1
Copyright (C) 2011 Free Software Foundation, Inc.
This is free software; see the source for copying conditions.  There is NO
warranty; not even for MERCHANTABILITY or FITNESS FOR A PARTICULAR PURPOSE.

configure:4412: $? = 0
configure:4414: g++ -v </dev/null >&5
Using built-in specs.
COLLECT_GCC=g++
COLLECT_LTO_WRAPPER=/usr/lib/gcc/x86_64-linux-gnu/4.6.1/lto-wrapper
Target: x86_64-linux-gnu
Configured with: ../src/configure -v --with-pkgversion='Ubuntu/Linaro 4.6.1-9ubuntu3' --with-bugurl=file:///usr/share/doc/gcc-4.6/README.Bugs --enable-languages=c,c++,fortran,objc,obj-c++,go --prefix=/usr --program-suffix=-4.6 --enable-shared --enable-linker-build-id --with-system-zlib --libexecdir=/usr/lib --without-included-gettext --enable-threads=posix --with-gxx-include-dir=/usr/include/c++/4.6 --libdir=/usr/lib --enable-nls --with-sysroot=/ --enable-clocale=gnu --enable-libstdcxx-debug --enable-libstdcxx-time=yes --enable-plugin --enable-objc-gc --disable-werror --with-arch-32=i686 --with-tune=generic --enable-checking=release --build=x86_64-linux-gnu --host=x86_64-linux-gnu --target=x86_64-linux-gnu
Thread model: posix
gcc version 4.6.1 (Ubuntu/Linaro 4.6.1-9ubuntu3) 
configure:4417: $? = 0
configure:4419: g++ -V </dev/null >&5
g++: error: unrecognized option '-V'
g++: fatal error: no input files
compilation terminated.
configure:4422: $? = 4
configure:4425: checking whether we are using the GNU C++ compiler
configure:4450: g++ -c   conftest.cc >&5
configure:4453: $? = 0
configure:4456: test -s conftest.o
configure:4459: $? = 0
configure:4472: result: yes
configure:4478: checking whether g++ accepts -g
configure:4500: g++ -c -g  conftest.cc >&5
configure:4503: $? = 0
configure:4506: test -s conftest.o
configure:4509: $? = 0
configure:4520: result: yes
configure:4564: g++ -c -g -O2  conftest.cc >&5
configure:4567: $? = 0
configure:4570: test -s conftest.o
configure:4573: $? = 0
configure:4600: g++ -c -g -O2  conftest.cc >&5
configure: In function 'int main()':
configure:4608:9: error: 'exit' was not declared in this scope
configure:4603: $? = 1
configure: failed program was:
| #line 4583 "configure"
| /* confdefs.h.  */
| 
| #define PACKAGE_NAME "Icecast"
| #define PACKAGE_TARNAME "icecast"
| #define PACKAGE_VERSION "2.2.0"
| #define PACKAGE_STRING "Icecast 2.2.0"
| #define PACKAGE_BUGREPORT "icecast@xiph.org"
| #define PACKAGE "icecast"
| #define VERSION "2.2.0"
| #define STDC_HEADERS 1
| #define HAVE_SYS_TYPES_H 1
| #define HAVE_SYS_STAT_H 1
| #define HAVE_STDLIB_H 1
| #define HAVE_STRING_H 1
| #define HAVE_MEMORY_H 1
| #define HAVE_STRINGS_H 1
| #define HAVE_INTTYPES_H 1
| #define HAVE_STDINT_H 1
| #define HAVE_UNISTD_H 1
| #define HAVE_DLFCN_H 1
| /* end confdefs.h.  */
| 
| int
| main ()
| {
| exit (42);
|   ;
|   return 0;
| }
configure:4564: g++ -c -g -O2  conftest.cc >&5
configure:4567: $? = 0
configure:4570: test -s conftest.o
configure:4573: $? = 0
configure:4600: g++ -c -g -O2  conftest.cc >&5
configure:4603: $? = 0
configure:4606: test -s conftest.o
configure:4609: $? = 0
configure:4634: checking dependency style of g++
configure:4696: result: gcc3
configure:4706: checking how to run the C++ preprocessor
configure:4738: g++ -E  conftest.cc
configure:4744: $? = 0
configure:4776: g++ -E  conftest.cc
configure:4791:28: fatal error: ac_nonexistent.h: No such file or directory
compilation terminated.
configure:4782: $? = 1
configure: failed program was:
| #line 4767 "configure"
| /* confdefs.h.  */
| 
| #define PACKAGE_NAME "Icecast"
| #define PACKAGE_TARNAME "icecast"
| #define PACKAGE_VERSION "2.2.0"
| #define PACKAGE_STRING "Icecast 2.2.0"
| #define PACKAGE_BUGREPORT "icecast@xiph.org"
| #define PACKAGE "icecast"
| #define VERSION "2.2.0"
| #define STDC_HEADERS 1
| #define HAVE_SYS_TYPES_H 1
| #define HAVE_SYS_STAT_H 1
| #define HAVE_STDLIB_H 1
| #define HAVE_STRING_H 1
| #define HAVE_MEMORY_H 1
| #define HAVE_STRINGS_H 1
| #define HAVE_INTTYPES_H 1
| #define HAVE_STDINT_H 1
| #define HAVE_UNISTD_H 1
| #define HAVE_DLFCN_H 1
| #ifdef __cplusplus
| #include <stdlib.h>
| #endif
| /* end confdefs.h.  */
| #include <ac_nonexistent.h>
configure:4820: result: g++ -E
configure:4845: g++ -E  conftest.cc
configure:4851: $? = 0
configure:4883: g++ -E  conftest.cc
configure:4898:28: fatal error: ac_nonexistent.h: No such file or directory
compilation terminated.
configure:4889: $? = 1
configure: failed program was:
| #line 4874 "configure"
| /* confdefs.h.  */
| 
| #define PACKAGE_NAME "Icecast"
| #define PACKAGE_TARNAME "icecast"
| #define PACKAGE_VERSION "2.2.0"
| #define PACKAGE_STRING "Icecast 2.2.0"
| #define PACKAGE_BUGREPORT "icecast@xiph.org"
| #define PACKAGE "icecast"
| #define VERSION "2.2.0"
| #define STDC_HEADERS 1
| #define HAVE_SYS_TYPES_H 1
| #define HAVE_SYS_STAT_H 1
| #define HAVE_STDLIB_H 1
| #define HAVE_STRING_H 1
| #define HAVE_MEMORY_H 1
| #define HAVE_STRINGS_H 1
| #define HAVE_INTTYPES_H 1
| #define HAVE_STDINT_H 1
| #define HAVE_UNISTD_H 1
| #define HAVE_DLFCN_H 1
| #ifdef __cplusplus
| #include <stdlib.h>
| #endif
| /* end confdefs.h.  */
| #include <ac_nonexistent.h>
configure:4983: checking for g77
configure:5012: result: no
configure:4983: checking for f77
configure:5012: result: no
configure:4983: checking for xlf
configure:5012: result: no
configure:4983: checking for frt
configure:5012: result: no
configure:4983: checking for pgf77
configure:5012: result: no
configure:4983: checking for fl32
configure:5012: result: no
configure:4983: checking for af77
configure:5012: result: no
configure:4983: checking for fort77
configure:5012: result: no
configure:4983: checking for f90
configure:5012: result: no
configure:4983: checking for xlf90
configure:5012: result: no
configure:4983: checking for pgf90
configure:5012: result: no
configure:4983: checking for epcf90
configure:5012: result: no
configure:4983: checking for f95
configure:5012: result: no
configure:4983: checking for fort
configure:5012: result: no
configure:4983: checking for xlf95
configure:5012: result: no
configure:4983: checking for lf95
configure:5012: result: no
configure:4983: checking for g95
configure:5012: result: no
configure:5024: checking for Fortran 77 compiler version
configure:5027:  --version </dev/null >&5
./configure: line 5028: --version: command not found
configure:5030: $? = 127
configure:5032:  -v </dev/null >&5
./configure: line 5033: -v: command not found
configure:5035: $? = 127
configure:5037:  -V </dev/null >&5
./configure: line 5038: -V: command not found
configure:5040: $? = 127
configure:5047: checking whether we are using the GNU Fortran 77 compiler
configure:5061:  -c  conftest.F >&5
./configure: line 5062: -c: command not found
configure:5064: $? = 127
configure: failed program was:
|       program main
| #ifndef __GNUC__
|        choke me
| #endif
| 
|       end
configure:5083: result: no
configure:5090: checking whether  accepts -g
configure:5102:  -c -g conftest.f >&5
./configure: line 5103: -c: command not found
configure:5105: $? = 127
configure: failed program was:
|       program main
| 
|       end
configure:5123: result: no
configure:5151: checking the maximum length of command line arguments
configure:5210: result: 32768
configure:5221: checking command to parse /usr/bin/nm -B output from gcc object
configure:5310: gcc -c -g -O2  conftest.c >&5
configure:5313: $? = 0
configure:5317: /usr/bin/nm -B conftest.o \| sed -n -e 's/^.*[ 	]\([ABCDGIRSTW][ABCDGIRSTW]*\)[ 	][ 	]*\(\)\([_A-Za-z][_A-Za-z0-9]*\)$/\1 \2\3 \3/p' \> conftest.nm
configure:5320: $? = 0
configure:5372: gcc -o conftest -g -O2   conftest.c conftstm.o >&5
configure:5375: $? = 0
configure:5413: result: ok
configure:5417: checking for objdir
configure:5432: result: .libs
configure:5522: checking for ar
configure:5538: found /usr/bin/ar
configure:5549: result: ar
configure:5602: checking for ranlib
configure:5618: found /usr/bin/ranlib
configure:5629: result: ranlib
configure:5682: checking for strip
configure:5698: found /usr/bin/strip
configure:5709: result: strip
configure:5971: checking if gcc static flag  works
configure:5994: result: yes
configure:6011: checking if gcc supports -fno-rtti -fno-exceptions
configure:6029: gcc -c -g -O2  -fno-rtti -fno-exceptions conftest.c >&5
cc1: warning: command line option '-fno-rtti' is valid for C++/ObjC++ but not for C [enabled by default]
configure:6033: $? = 0
configure:6044: result: no
configure:6059: checking for gcc option to produce PIC
configure:6236: result: -fPIC
configure:6243: checking if gcc PIC flag -fPIC works
configure:6261: gcc -c -g -O2  -fPIC -DPIC conftest.c >&5
configure:6265: $? = 0
configure:6276: result: yes
configure:6300: checking if gcc supports -c -o file.o
configure:6328: gcc -c -g -O2  -o out/conftest2.o conftest.c >&5
configure:6332: $? = 0
configure:6349: result: yes
configure:6375: checking whether the gcc linker (/usr/bin/ld -m elf_x86_64) supports shared libraries
configure:7194: result: yes
configure:7220: checking whether -lc should be explicitly linked in
configure:7225: gcc -c -g -O2  conftest.c >&5
configure:7228: $? = 0
configure:7242: gcc -shared conftest.o  -v -Wl,-soname -Wl,conftest -o conftest 2\>\&1 \| grep  -lc  \>/dev/null 2\>\&1
configure:7245: $? = 0
configure:7257: result: no
configure:7265: checking how to hardcode library paths into programs
configure:7290: result: immediate
configure:7304: checking whether stripping libraries is possible
configure:7309: result: yes
configure:7331: checking dynamic linker characteristics
configure:7694: gcc -c -g -O2  conftest.c >&5
configure:7697: $? = 0
configure:7866: result: GNU/Linux ld.so
configure:8592: checking if libtool supports shared libraries
configure:8594: result: yes
configure:8597: checking whether to build shared libraries
configure:8646: result: yes
configure:8649: checking whether to build static libraries
configure:8653: result: yes
configure:8744: creating libtool
configure:9288: checking for ld used by g++
configure:9355: result: /usr/bin/ld -m elf_x86_64
configure:9364: checking if the linker (/usr/bin/ld -m elf_x86_64) is GNU ld
configure:9379: result: yes
configure:9430: checking whether the g++ linker (/usr/bin/ld -m elf_x86_64) supports shared libraries
configure:10225: result: yes
configure:10243: g++ -c -g -O2  conftest.cc >&5
configure:10246: $? = 0
configure:10342: checking for g++ option to produce PIC
configure:10594: result: -fPIC
configure:10601: checking if g++ PIC flag -fPIC works
configure:10619: g++ -c -g -O2  -fPIC -DPIC conftest.cc >&5
configure:10623: $? = 0
configure:10634: result: yes
configure:10658: checking if g++ supports -c -o file.o
configure:10686: g++ -c -g -O2  -o out/conftest2.o conftest.cc >&5
configure:10690: $? = 0
configure:10707: result: yes
configure:10733: checking whether the g++ linker (/usr/bin/ld -m elf_x86_64) supports shared libraries
configure:10758: result: yes
configure:10829: checking how to hardcode library paths into programs
configure:10854: result: immediate
configure:10868: checking whether stripping libraries is possible
configure:10873: result: yes
configure:10895: checking dynamic linker characteristics
configure:11258: g++ -c -g -O2  conftest.cc >&5
configure:11261: $? = 0
configure:11430: result: GNU/Linux ld.so
configure:18437: checking for ANSI C header files
configure:18587: result: yes
configure:18612: checking alloca.h usability
configure:18625: gcc -c -g -O2  conftest.c >&5
configure:18628: $? = 0
configure:18631: test -s conftest.o
configure:18634: $? = 0
configure:18644: result: yes
configure:18648: checking alloca.h presence
configure:18659: gcc -E  conftest.c
configure:18665: $? = 0
configure:18684: result: yes
configure:18720: checking for alloca.h
configure:18727: result: yes
configure:18754: checking pwd.h usability
configure:18767: gcc -c -g -O2  conftest.c >&5
configure:18770: $? = 0
configure:18773: test -s conftest.o
configure:18776: $? = 0
configure:18786: result: yes
configure:18790: checking pwd.h presence
configure:18801: gcc -E  conftest.c
configure:18807: $? = 0
configure:18826: result: yes
configure:18862: checking for pwd.h
configure:18869: result: yes
configure:18891: checking for unistd.h
configure:18896: result: yes
configure:19040: checking for localtime_r
configure:19090: gcc -o conftest -g -O2   conftest.c  >&5
configure:19093: $? = 0
configure:19096: test -s conftest
configure:19099: $? = 0
configure:19110: result: yes
configure:19040: checking for poll
configure:19090: gcc -o conftest -g -O2   conftest.c  >&5
configure:19093: $? = 0
configure:19096: test -s conftest
configure:19099: $? = 0
configure:19110: result: yes
configure:19120: checking for library containing nanosleep
configure:19151: gcc -o conftest -g -O2   conftest.c  >&5
configure:19154: $? = 0
configure:19157: test -s conftest
configure:19160: $? = 0
configure:19219: result: none required
configure:19244: checking sys/socket.h usability
configure:19257: gcc -c -g -O2  conftest.c >&5
configure:19260: $? = 0
configure:19263: test -s conftest.o
configure:19266: $? = 0
configure:19276: result: yes
configure:19280: checking sys/socket.h presence
configure:19291: gcc -E  conftest.c
configure:19297: $? = 0
configure:19316: result: yes
configure:19352: checking for sys/socket.h
configure:19359: result: yes
configure:19372: checking for socklen_t
configure:19404: gcc -c -g -O2  conftest.c >&5
configure:19407: $? = 0
configure:19410: test -s conftest.o
configure:19413: $? = 0
configure:19424: result: yes
configure:19438: checking for va_copy
configure:19457: gcc -o conftest -g -O2   conftest.c  >&5
configure:19460: $? = 0
configure:19463: test -s conftest
configure:19466: $? = 0
configure:19468: result: va_copy
configure:19544: checking sys/select.h usability
configure:19557: gcc -c -g -O2  conftest.c >&5
configure:19560: $? = 0
configure:19563: test -s conftest.o
configure:19566: $? = 0
configure:19576: result: yes
configure:19580: checking sys/select.h presence
configure:19591: gcc -E  conftest.c
configure:19597: $? = 0
configure:19616: result: yes
configure:19652: checking for sys/select.h
configure:19659: result: yes
configure:19544: checking sys/uio.h usability
configure:19557: gcc -c -g -O2  conftest.c >&5
configure:19560: $? = 0
configure:19563: test -s conftest.o
configure:19566: $? = 0
configure:19576: result: yes
configure:19580: checking sys/uio.h presence
configure:19591: gcc -E  conftest.c
configure:19597: $? = 0
configure:19616: result: yes
configure:19652: checking for sys/uio.h
configure:19659: result: yes
configure:19682: checking winsock2.h usability
configure:19695: gcc -c -g -O2  conftest.c >&5
configure:19756:22: fatal error: winsock2.h: No such file or directory
compilation terminated.
configure:19698: $? = 1
configure: failed program was:
| #line 19684 "configure"
| /* confdefs.h.  */
| 
| #define PACKAGE_NAME "Icecast"
| #define PACKAGE_TARNAME "icecast"
| #define PACKAGE_VERSION "2.2.0"
| #define PACKAGE_STRING "Icecast 2.2.0"
| #define PACKAGE_BUGREPORT "icecast@xiph.org"
| #define PACKAGE "icecast"
| #define VERSION "2.2.0"
| #define STDC_HEADERS 1
| #define HAVE_SYS_TYPES_H 1
| #define HAVE_SYS_STAT_H 1
| #define HAVE_STDLIB_H 1
| #define HAVE_STRING_H 1
| #define HAVE_MEMORY_H 1
| #define HAVE_STRINGS_H 1
| #define HAVE_INTTYPES_H 1
| #define HAVE_STDINT_H 1
| #define HAVE_UNISTD_H 1
| #define HAVE_DLFCN_H 1
| #ifdef __cplusplus
| #include <stdlib.h>
| #endif
| #define _GNU_SOURCE 1
| #define STDC_HEADERS 1
| #define HAVE_ALLOCA_H 1
| #define HAVE_PWD_H 1
| #define CHUID 1
| #define HAVE_UNISTD_H 1
| #define CHROOT 1
| #define HAVE_LOCALTIME_R 1
| #define HAVE_POLL 1
| #define HAVE_NANOSLEEP 1
| #define HAVE_SYS_SOCKET_H 1
| #define HAVE_SOCKLEN_T 1
| #define HAVE_SYS_SELECT_H 1
| #define HAVE_SYS_UIO_H 1
| /* end confdefs.h.  */
| #include <stdio.h>
| #if HAVE_SYS_TYPES_H
| # include <sys/types.h>
| #endif
| #if HAVE_SYS_STAT_H
| # include <sys/stat.h>
| #endif
| #if STDC_HEADERS
| # include <stdlib.h>
| # include <stddef.h>
| #else
| # if HAVE_STDLIB_H
| #  include <stdlib.h>
| # endif
| #endif
| #if HAVE_STRING_H
| # if !STDC_HEADERS && HAVE_MEMORY_H
| #  include <memory.h>
| # endif
| # include <string.h>
| #endif
| #if HAVE_STRINGS_H
| # include <strings.h>
| #endif
| #if HAVE_INTTYPES_H
| # include <inttypes.h>
| #else
| # if HAVE_STDINT_H
| #  include <stdint.h>
| # endif
| #endif
| #if HAVE_UNISTD_H
| # include <unistd.h>
| #endif
| #include <winsock2.h>
configure:19714: result: no
configure:19718: checking winsock2.h presence
configure:19729: gcc -E  conftest.c
configure:19758:22: fatal error: winsock2.h: No such file or directory
compilation terminated.
configure:19735: $? = 1
configure: failed program was:
| #line 19720 "configure"
| /* confdefs.h.  */
| 
| #define PACKAGE_NAME "Icecast"
| #define PACKAGE_TARNAME "icecast"
| #define PACKAGE_VERSION "2.2.0"
| #define PACKAGE_STRING "Icecast 2.2.0"
| #define PACKAGE_BUGREPORT "icecast@xiph.org"
| #define PACKAGE "icecast"
| #define VERSION "2.2.0"
| #define STDC_HEADERS 1
| #define HAVE_SYS_TYPES_H 1
| #define HAVE_SYS_STAT_H 1
| #define HAVE_STDLIB_H 1
| #define HAVE_STRING_H 1
| #define HAVE_MEMORY_H 1
| #define HAVE_STRINGS_H 1
| #define HAVE_INTTYPES_H 1
| #define HAVE_STDINT_H 1
| #define HAVE_UNISTD_H 1
| #define HAVE_DLFCN_H 1
| #ifdef __cplusplus
| #include <stdlib.h>
| #endif
| #define _GNU_SOURCE 1
| #define STDC_HEADERS 1
| #define HAVE_ALLOCA_H 1
| #define HAVE_PWD_H 1
| #define CHUID 1
| #define HAVE_UNISTD_H 1
| #define CHROOT 1
| #define HAVE_LOCALTIME_R 1
| #define HAVE_POLL 1
| #define HAVE_NANOSLEEP 1
| #define HAVE_SYS_SOCKET_H 1
| #define HAVE_SOCKLEN_T 1
| #define HAVE_SYS_SELECT_H 1
| #define HAVE_SYS_UIO_H 1
| /* end confdefs.h.  */
| #include <winsock2.h>
configure:19754: result: no
configure:19790: checking for winsock2.h
configure:19797: result: no
configure:19813: checking for library containing sethostent
configure:19844: gcc -o conftest -g -O2   conftest.c  >&5
configure:19847: $? = 0
configure:19850: test -s conftest
configure:19853: $? = 0
configure:19912: result: none required
configure:19923: checking for library containing getnameinfo
configure:19954: gcc -o conftest -g -O2   conftest.c  >&5
configure:19957: $? = 0
configure:19960: test -s conftest
configure:19963: $? = 0
configure:20022: result: none required
configure:20040: checking for endhostent
configure:20090: gcc -o conftest -g -O2   conftest.c  >&5
configure:20093: $? = 0
configure:20096: test -s conftest
configure:20099: $? = 0
configure:20110: result: yes
configure:20040: checking for getaddrinfo
configure:20090: gcc -o conftest -g -O2   conftest.c  >&5
configure:20093: $? = 0
configure:20096: test -s conftest
configure:20099: $? = 0
configure:20110: result: yes
configure:20040: checking for inet_aton
configure:20090: gcc -o conftest -g -O2   conftest.c  >&5
configure:20093: $? = 0
configure:20096: test -s conftest
configure:20099: $? = 0
configure:20110: result: yes
configure:20040: checking for writev
configure:20090: gcc -o conftest -g -O2   conftest.c  >&5
configure:20093: $? = 0
configure:20096: test -s conftest
configure:20099: $? = 0
configure:20110: result: yes
configure:20122: checking for struct sockaddr_storage.ss_family
configure:20148: gcc -c -g -O2  conftest.c >&5
configure:20151: $? = 0
configure:20154: test -s conftest.o
configure:20157: $? = 0
configure:20207: result: yes
configure:20219: checking for inet_pton
configure:20269: gcc -o conftest -g -O2   conftest.c  >&5
configure:20272: $? = 0
configure:20275: test -s conftest
configure:20278: $? = 0
configure:20289: result: yes
configure:20315: checking for xslt-config
configure:20333: found /usr/bin/xslt-config
configure:20345: result: /usr/bin/xslt-config
configure:20374: checking for xsltSaveResultToString
configure:20424: gcc -o conftest -g -O2 -I/usr/include/libxml2   conftest.c -L/usr/lib -lxslt -lxml2  >&5
configure:20427: $? = 0
configure:20430: test -s conftest
configure:20433: $? = 0
configure:20444: result: yes
configure:20457: checking for fgrep
configure:20467: result: grep -F
configure:20542: gcc -c -Werror -I/usr/local/include  conftest.c >&5
configure:20545: $? = 0
configure:20548: test -s conftest.o
configure:20551: $? = 0
configure:20572: checking for libogg
configure:20612: gcc -o conftest -g -O2 -I/usr/local/include   -L/usr/local/lib conftest.c  -logg >&5
configure:20615: $? = 0
configure:20618: test -s conftest
configure:20621: $? = 0
configure:20672: result: ok
configure:20780: checking for libvorbis
configure:20806: gcc -o conftest -g -O2  -I/usr/local/include  -L/usr/local/lib conftest.c  -lvorbis >&5
/tmp/ccOF7ZJY.o: In function `main':
/home/hayden/wahoo-home/kitsune/dev/examples/icecast/icecast-2.2.0/configure:20840: undefined reference to `ogg_stream_init'
collect2: ld returned 1 exit status
configure:20809: $? = 1
configure: failed program was:
| #line 20782 "configure"
| /* confdefs.h.  */
| 
| #define PACKAGE_NAME "Icecast"
| #define PACKAGE_TARNAME "icecast"
| #define PACKAGE_VERSION "2.2.0"
| #define PACKAGE_STRING "Icecast 2.2.0"
| #define PACKAGE_BUGREPORT "icecast@xiph.org"
| #define PACKAGE "icecast"
| #define VERSION "2.2.0"
| #define STDC_HEADERS 1
| #define HAVE_SYS_TYPES_H 1
| #define HAVE_SYS_STAT_H 1
| #define HAVE_STDLIB_H 1
| #define HAVE_STRING_H 1
| #define HAVE_MEMORY_H 1
| #define HAVE_STRINGS_H 1
| #define HAVE_INTTYPES_H 1
| #define HAVE_STDINT_H 1
| #define HAVE_UNISTD_H 1
| #define HAVE_DLFCN_H 1
| #ifdef __cplusplus
| #include <stdlib.h>
| #endif
| #define _GNU_SOURCE 1
| #define STDC_HEADERS 1
| #define HAVE_ALLOCA_H 1
| #define HAVE_PWD_H 1
| #define CHUID 1
| #define HAVE_UNISTD_H 1
| #define CHROOT 1
| #define HAVE_LOCALTIME_R 1
| #define HAVE_POLL 1
| #define HAVE_NANOSLEEP 1
| #define HAVE_SYS_SOCKET_H 1
| #define HAVE_SOCKLEN_T 1
| #define HAVE_SYS_SELECT_H 1
| #define HAVE_SYS_UIO_H 1
| #define HAVE_SETHOSTENT 1
| #define HAVE_GETNAMEINFO 1
| #define HAVE_ENDHOSTENT 1
| #define HAVE_GETADDRINFO 1
| #define HAVE_INET_ATON 1
| #define HAVE_WRITEV 1
| #define HAVE_STRUCT_SOCKADDR_STORAGE_SS_FAMILY 1
| #define HAVE_INET_PTON 1
| #define HAVE_OGG 1
| /* end confdefs.h.  */
| 
| /* Override any gcc2 internal prototype to avoid an error.  */
| #ifdef __cplusplus
| extern "C"
| #endif
| /* We use char because int might match the return type of a gcc2
|    builtin and then its argument prototype would still apply.  */
| char ogg_stream_init ();
| int
| main ()
| {
| ogg_stream_init ();
|   ;
|   return 0;
| }
configure:20847: gcc -o conftest -g -O2  -I/usr/local/include  -L/usr/local/lib conftest.c  -lvorbis -logg -lm >&5
configure:20850: $? = 0
configure:20853: test -s conftest
configure:20856: $? = 0
configure:20870: result: ok
configure:20876: checking for struct ovectl_ratemanage_arg
configure:20905: gcc -c -g -O2  -I/usr/local/include conftest.c >&5
configure:20908: $? = 0
configure:20911: test -s conftest.o
configure:20914: $? = 0
configure:20925: result: yes
configure:21096: checking for libtheora
configure:21122: gcc -o conftest -g -O2   -L/usr/local/lib conftest.c  -ltheora -logg >&5
/usr/bin/ld: cannot find -ltheora
collect2: ld returned 1 exit status
configure:21125: $? = 1
configure: failed program was:
| #line 21098 "configure"
| /* confdefs.h.  */
| 
| #define PACKAGE_NAME "Icecast"
| #define PACKAGE_TARNAME "icecast"
| #define PACKAGE_VERSION "2.2.0"
| #define PACKAGE_STRING "Icecast 2.2.0"
| #define PACKAGE_BUGREPORT "icecast@xiph.org"
| #define PACKAGE "icecast"
| #define VERSION "2.2.0"
| #define STDC_HEADERS 1
| #define HAVE_SYS_TYPES_H 1
| #define HAVE_SYS_STAT_H 1
| #define HAVE_STDLIB_H 1
| #define HAVE_STRING_H 1
| #define HAVE_MEMORY_H 1
| #define HAVE_STRINGS_H 1
| #define HAVE_INTTYPES_H 1
| #define HAVE_STDINT_H 1
| #define HAVE_UNISTD_H 1
| #define HAVE_DLFCN_H 1
| #ifdef __cplusplus
| #include <stdlib.h>
| #endif
| #define _GNU_SOURCE 1
| #define STDC_HEADERS 1
| #define HAVE_ALLOCA_H 1
| #define HAVE_PWD_H 1
| #define CHUID 1
| #define HAVE_UNISTD_H 1
| #define CHROOT 1
| #define HAVE_LOCALTIME_R 1
| #define HAVE_POLL 1
| #define HAVE_NANOSLEEP 1
| #define HAVE_SYS_SOCKET_H 1
| #define HAVE_SOCKLEN_T 1
| #define HAVE_SYS_SELECT_H 1
| #define HAVE_SYS_UIO_H 1
| #define HAVE_SETHOSTENT 1
| #define HAVE_GETNAMEINFO 1
| #define HAVE_ENDHOSTENT 1
| #define HAVE_GETADDRINFO 1
| #define HAVE_INET_ATON 1
| #define HAVE_WRITEV 1
| #define HAVE_STRUCT_SOCKADDR_STORAGE_SS_FAMILY 1
| #define HAVE_INET_PTON 1
| #define HAVE_OGG 1
| #define HAVE_STRUCT_OVECTL_RATEMANAGE_ARG 1
| /* end confdefs.h.  */
| 
| /* Override any gcc2 internal prototype to avoid an error.  */
| #ifdef __cplusplus
| extern "C"
| #endif
| /* We use char because int might match the return type of a gcc2
|    builtin and then its argument prototype would still apply.  */
| char theora_decode_header ();
| int
| main ()
| {
| theora_decode_header ();
|   ;
|   return 0;
| }
configure:21165: gcc -o conftest -g -O2   -L/usr/local/lib conftest.c  -ltheora -logg >&5
/usr/bin/ld: cannot find -ltheora
collect2: ld returned 1 exit status
configure:21168: $? = 1
configure: failed program was:
| #line 21141 "configure"
| /* confdefs.h.  */
| 
| #define PACKAGE_NAME "Icecast"
| #define PACKAGE_TARNAME "icecast"
| #define PACKAGE_VERSION "2.2.0"
| #define PACKAGE_STRING "Icecast 2.2.0"
| #define PACKAGE_BUGREPORT "icecast@xiph.org"
| #define PACKAGE "icecast"
| #define VERSION "2.2.0"
| #define STDC_HEADERS 1
| #define HAVE_SYS_TYPES_H 1
| #define HAVE_SYS_STAT_H 1
| #define HAVE_STDLIB_H 1
| #define HAVE_STRING_H 1
| #define HAVE_MEMORY_H 1
| #define HAVE_STRINGS_H 1
| #define HAVE_INTTYPES_H 1
| #define HAVE_STDINT_H 1
| #define HAVE_UNISTD_H 1
| #define HAVE_DLFCN_H 1
| #ifdef __cplusplus
| #include <stdlib.h>
| #endif
| #define _GNU_SOURCE 1
| #define STDC_HEADERS 1
| #define HAVE_ALLOCA_H 1
| #define HAVE_PWD_H 1
| #define CHUID 1
| #define HAVE_UNISTD_H 1
| #define CHROOT 1
| #define HAVE_LOCALTIME_R 1
| #define HAVE_POLL 1
| #define HAVE_NANOSLEEP 1
| #define HAVE_SYS_SOCKET_H 1
| #define HAVE_SOCKLEN_T 1
| #define HAVE_SYS_SELECT_H 1
| #define HAVE_SYS_UIO_H 1
| #define HAVE_SETHOSTENT 1
| #define HAVE_GETNAMEINFO 1
| #define HAVE_ENDHOSTENT 1
| #define HAVE_GETADDRINFO 1
| #define HAVE_INET_ATON 1
| #define HAVE_WRITEV 1
| #define HAVE_STRUCT_SOCKADDR_STORAGE_SS_FAMILY 1
| #define HAVE_INET_PTON 1
| #define HAVE_OGG 1
| #define HAVE_STRUCT_OVECTL_RATEMANAGE_ARG 1
| /* end confdefs.h.  */
| 
| /* Override any gcc2 internal prototype to avoid an error.  */
| #ifdef __cplusplus
| extern "C"
| #endif
| /* We use char because int might match the return type of a gcc2
|    builtin and then its argument prototype would still apply.  */
| char theora_packet_isheader ();
| int
| main ()
| {
| theora_packet_isheader ();
|   ;
|   return 0;
| }
configure:21244: result: newer version required
configure:21246: WARNING: Theora disabled!
configure:21394: checking for the pthreads library -lpthreads
configure:21433: gcc -o conftest -g -O2    conftest.c -lpthreads  >&5
/usr/bin/ld: cannot find -lpthreads
collect2: ld returned 1 exit status
configure:21436: $? = 1
configure: failed program was:
| #line 21414 "configure"
| /* confdefs.h.  */
| 
| #define PACKAGE_NAME "Icecast"
| #define PACKAGE_TARNAME "icecast"
| #define PACKAGE_VERSION "2.2.0"
| #define PACKAGE_STRING "Icecast 2.2.0"
| #define PACKAGE_BUGREPORT "icecast@xiph.org"
| #define PACKAGE "icecast"
| #define VERSION "2.2.0"
| #define STDC_HEADERS 1
| #define HAVE_SYS_TYPES_H 1
| #define HAVE_SYS_STAT_H 1
| #define HAVE_STDLIB_H 1
| #define HAVE_STRING_H 1
| #define HAVE_MEMORY_H 1
| #define HAVE_STRINGS_H 1
| #define HAVE_INTTYPES_H 1
| #define HAVE_STDINT_H 1
| #define HAVE_UNISTD_H 1
| #define HAVE_DLFCN_H 1
| #ifdef __cplusplus
| #include <stdlib.h>
| #endif
| #define _GNU_SOURCE 1
| #define STDC_HEADERS 1
| #define HAVE_ALLOCA_H 1
| #define HAVE_PWD_H 1
| #define CHUID 1
| #define HAVE_UNISTD_H 1
| #define CHROOT 1
| #define HAVE_LOCALTIME_R 1
| #define HAVE_POLL 1
| #define HAVE_NANOSLEEP 1
| #define HAVE_SYS_SOCKET_H 1
| #define HAVE_SOCKLEN_T 1
| #define HAVE_SYS_SELECT_H 1
| #define HAVE_SYS_UIO_H 1
| #define HAVE_SETHOSTENT 1
| #define HAVE_GETNAMEINFO 1
| #define HAVE_ENDHOSTENT 1
| #define HAVE_GETADDRINFO 1
| #define HAVE_INET_ATON 1
| #define HAVE_WRITEV 1
| #define HAVE_STRUCT_SOCKADDR_STORAGE_SS_FAMILY 1
| #define HAVE_INET_PTON 1
| #define HAVE_OGG 1
| #define HAVE_STRUCT_OVECTL_RATEMANAGE_ARG 1
| /* end confdefs.h.  */
| #include <pthread.h>
| int
| main ()
| {
| pthread_t th; pthread_join(th, 0);
|                      pthread_attr_init(0); pthread_cleanup_push(0, 0);
|                      pthread_create(0,0,0,0); pthread_cleanup_pop(0);
|   ;
|   return 0;
| }
configure:21455: result: no
configure:21383: checking whether pthreads work without any flags
configure:21433: gcc -o conftest -g -O2    conftest.c   >&5
/tmp/ccAbFFsA.o: In function `main':
/home/hayden/wahoo-home/kitsune/dev/examples/icecast/icecast-2.2.0/configure:21466: undefined reference to `pthread_join'
/home/hayden/wahoo-home/kitsune/dev/examples/icecast/icecast-2.2.0/configure:21467: undefined reference to `__pthread_register_cancel'
/home/hayden/wahoo-home/kitsune/dev/examples/icecast/icecast-2.2.0/configure:21468: undefined reference to `pthread_create'
/home/hayden/wahoo-home/kitsune/dev/examples/icecast/icecast-2.2.0/configure:21468: undefined reference to `__pthread_unregister_cancel'
collect2: ld returned 1 exit status
configure:21436: $? = 1
configure: failed program was:
| #line 21414 "configure"
| /* confdefs.h.  */
| 
| #define PACKAGE_NAME "Icecast"
| #define PACKAGE_TARNAME "icecast"
| #define PACKAGE_VERSION "2.2.0"
| #define PACKAGE_STRING "Icecast 2.2.0"
| #define PACKAGE_BUGREPORT "icecast@xiph.org"
| #define PACKAGE "icecast"
| #define VERSION "2.2.0"
| #define STDC_HEADERS 1
| #define HAVE_SYS_TYPES_H 1
| #define HAVE_SYS_STAT_H 1
| #define HAVE_STDLIB_H 1
| #define HAVE_STRING_H 1
| #define HAVE_MEMORY_H 1
| #define HAVE_STRINGS_H 1
| #define HAVE_INTTYPES_H 1
| #define HAVE_STDINT_H 1
| #define HAVE_UNISTD_H 1
| #define HAVE_DLFCN_H 1
| #ifdef __cplusplus
| #include <stdlib.h>
| #endif
| #define _GNU_SOURCE 1
| #define STDC_HEADERS 1
| #define HAVE_ALLOCA_H 1
| #define HAVE_PWD_H 1
| #define CHUID 1
| #define HAVE_UNISTD_H 1
| #define CHROOT 1
| #define HAVE_LOCALTIME_R 1
| #define HAVE_POLL 1
| #define HAVE_NANOSLEEP 1
| #define HAVE_SYS_SOCKET_H 1
| #define HAVE_SOCKLEN_T 1
| #define HAVE_SYS_SELECT_H 1
| #define HAVE_SYS_UIO_H 1
| #define HAVE_SETHOSTENT 1
| #define HAVE_GETNAMEINFO 1
| #define HAVE_ENDHOSTENT 1
| #define HAVE_GETADDRINFO 1
| #define HAVE_INET_ATON 1
| #define HAVE_WRITEV 1
| #define HAVE_STRUCT_SOCKADDR_STORAGE_SS_FAMILY 1
| #define HAVE_INET_PTON 1
| #define HAVE_OGG 1
| #define HAVE_STRUCT_OVECTL_RATEMANAGE_ARG 1
| /* end confdefs.h.  */
| #include <pthread.h>
| int
| main ()
| {
| pthread_t th; pthread_join(th, 0);
|                      pthread_attr_init(0); pthread_cleanup_push(0, 0);
|                      pthread_create(0,0,0,0); pthread_cleanup_pop(0);
|   ;
|   return 0;
| }
configure:21455: result: no
configure:21388: checking whether pthreads work with -Kthread
configure:21433: gcc -o conftest -g -O2 -Kthread   conftest.c   >&5
gcc: error: unrecognized option '-Kthread'
configure:21436: $? = 1
configure: failed program was:
| #line 21414 "configure"
| /* confdefs.h.  */
| 
| #define PACKAGE_NAME "Icecast"
| #define PACKAGE_TARNAME "icecast"
| #define PACKAGE_VERSION "2.2.0"
| #define PACKAGE_STRING "Icecast 2.2.0"
| #define PACKAGE_BUGREPORT "icecast@xiph.org"
| #define PACKAGE "icecast"
| #define VERSION "2.2.0"
| #define STDC_HEADERS 1
| #define HAVE_SYS_TYPES_H 1
| #define HAVE_SYS_STAT_H 1
| #define HAVE_STDLIB_H 1
| #define HAVE_STRING_H 1
| #define HAVE_MEMORY_H 1
| #define HAVE_STRINGS_H 1
| #define HAVE_INTTYPES_H 1
| #define HAVE_STDINT_H 1
| #define HAVE_UNISTD_H 1
| #define HAVE_DLFCN_H 1
| #ifdef __cplusplus
| #include <stdlib.h>
| #endif
| #define _GNU_SOURCE 1
| #define STDC_HEADERS 1
| #define HAVE_ALLOCA_H 1
| #define HAVE_PWD_H 1
| #define CHUID 1
| #define HAVE_UNISTD_H 1
| #define CHROOT 1
| #define HAVE_LOCALTIME_R 1
| #define HAVE_POLL 1
| #define HAVE_NANOSLEEP 1
| #define HAVE_SYS_SOCKET_H 1
| #define HAVE_SOCKLEN_T 1
| #define HAVE_SYS_SELECT_H 1
| #define HAVE_SYS_UIO_H 1
| #define HAVE_SETHOSTENT 1
| #define HAVE_GETNAMEINFO 1
| #define HAVE_ENDHOSTENT 1
| #define HAVE_GETADDRINFO 1
| #define HAVE_INET_ATON 1
| #define HAVE_WRITEV 1
| #define HAVE_STRUCT_SOCKADDR_STORAGE_SS_FAMILY 1
| #define HAVE_INET_PTON 1
| #define HAVE_OGG 1
| #define HAVE_STRUCT_OVECTL_RATEMANAGE_ARG 1
| /* end confdefs.h.  */
| #include <pthread.h>
| int
| main ()
| {
| pthread_t th; pthread_join(th, 0);
|                      pthread_attr_init(0); pthread_cleanup_push(0, 0);
|                      pthread_create(0,0,0,0); pthread_cleanup_pop(0);
|   ;
|   return 0;
| }
configure:21455: result: no
configure:21388: checking whether pthreads work with -kthread
configure:21433: gcc -o conftest -g -O2 -kthread   conftest.c   >&5
gcc: error: unrecognized option '-kthread'
configure:21436: $? = 1
configure: failed program was:
| #line 21414 "configure"
| /* confdefs.h.  */
| 
| #define PACKAGE_NAME "Icecast"
| #define PACKAGE_TARNAME "icecast"
| #define PACKAGE_VERSION "2.2.0"
| #define PACKAGE_STRING "Icecast 2.2.0"
| #define PACKAGE_BUGREPORT "icecast@xiph.org"
| #define PACKAGE "icecast"
| #define VERSION "2.2.0"
| #define STDC_HEADERS 1
| #define HAVE_SYS_TYPES_H 1
| #define HAVE_SYS_STAT_H 1
| #define HAVE_STDLIB_H 1
| #define HAVE_STRING_H 1
| #define HAVE_MEMORY_H 1
| #define HAVE_STRINGS_H 1
| #define HAVE_INTTYPES_H 1
| #define HAVE_STDINT_H 1
| #define HAVE_UNISTD_H 1
| #define HAVE_DLFCN_H 1
| #ifdef __cplusplus
| #include <stdlib.h>
| #endif
| #define _GNU_SOURCE 1
| #define STDC_HEADERS 1
| #define HAVE_ALLOCA_H 1
| #define HAVE_PWD_H 1
| #define CHUID 1
| #define HAVE_UNISTD_H 1
| #define CHROOT 1
| #define HAVE_LOCALTIME_R 1
| #define HAVE_POLL 1
| #define HAVE_NANOSLEEP 1
| #define HAVE_SYS_SOCKET_H 1
| #define HAVE_SOCKLEN_T 1
| #define HAVE_SYS_SELECT_H 1
| #define HAVE_SYS_UIO_H 1
| #define HAVE_SETHOSTENT 1
| #define HAVE_GETNAMEINFO 1
| #define HAVE_ENDHOSTENT 1
| #define HAVE_GETADDRINFO 1
| #define HAVE_INET_ATON 1
| #define HAVE_WRITEV 1
| #define HAVE_STRUCT_SOCKADDR_STORAGE_SS_FAMILY 1
| #define HAVE_INET_PTON 1
| #define HAVE_OGG 1
| #define HAVE_STRUCT_OVECTL_RATEMANAGE_ARG 1
| /* end confdefs.h.  */
| #include <pthread.h>
| int
| main ()
| {
| pthread_t th; pthread_join(th, 0);
|                      pthread_attr_init(0); pthread_cleanup_push(0, 0);
|                      pthread_create(0,0,0,0); pthread_cleanup_pop(0);
|   ;
|   return 0;
| }
configure:21455: result: no
configure:21394: checking for the pthreads library -llthread
configure:21433: gcc -o conftest -g -O2    conftest.c -llthread  >&5
/usr/bin/ld: cannot find -llthread
collect2: ld returned 1 exit status
configure:21436: $? = 1
configure: failed program was:
| #line 21414 "configure"
| /* confdefs.h.  */
| 
| #define PACKAGE_NAME "Icecast"
| #define PACKAGE_TARNAME "icecast"
| #define PACKAGE_VERSION "2.2.0"
| #define PACKAGE_STRING "Icecast 2.2.0"
| #define PACKAGE_BUGREPORT "icecast@xiph.org"
| #define PACKAGE "icecast"
| #define VERSION "2.2.0"
| #define STDC_HEADERS 1
| #define HAVE_SYS_TYPES_H 1
| #define HAVE_SYS_STAT_H 1
| #define HAVE_STDLIB_H 1
| #define HAVE_STRING_H 1
| #define HAVE_MEMORY_H 1
| #define HAVE_STRINGS_H 1
| #define HAVE_INTTYPES_H 1
| #define HAVE_STDINT_H 1
| #define HAVE_UNISTD_H 1
| #define HAVE_DLFCN_H 1
| #ifdef __cplusplus
| #include <stdlib.h>
| #endif
| #define _GNU_SOURCE 1
| #define STDC_HEADERS 1
| #define HAVE_ALLOCA_H 1
| #define HAVE_PWD_H 1
| #define CHUID 1
| #define HAVE_UNISTD_H 1
| #define CHROOT 1
| #define HAVE_LOCALTIME_R 1
| #define HAVE_POLL 1
| #define HAVE_NANOSLEEP 1
| #define HAVE_SYS_SOCKET_H 1
| #define HAVE_SOCKLEN_T 1
| #define HAVE_SYS_SELECT_H 1
| #define HAVE_SYS_UIO_H 1
| #define HAVE_SETHOSTENT 1
| #define HAVE_GETNAMEINFO 1
| #define HAVE_ENDHOSTENT 1
| #define HAVE_GETADDRINFO 1
| #define HAVE_INET_ATON 1
| #define HAVE_WRITEV 1
| #define HAVE_STRUCT_SOCKADDR_STORAGE_SS_FAMILY 1
| #define HAVE_INET_PTON 1
| #define HAVE_OGG 1
| #define HAVE_STRUCT_OVECTL_RATEMANAGE_ARG 1
| /* end confdefs.h.  */
| #include <pthread.h>
| int
| main ()
| {
| pthread_t th; pthread_join(th, 0);
|                      pthread_attr_init(0); pthread_cleanup_push(0, 0);
|                      pthread_create(0,0,0,0); pthread_cleanup_pop(0);
|   ;
|   return 0;
| }
configure:21455: result: no
configure:21388: checking whether pthreads work with -pthread
configure:21433: gcc -o conftest -g -O2 -pthread   conftest.c   >&5
configure:21436: $? = 0
configure:21439: test -s conftest
configure:21442: $? = 0
configure:21455: result: yes
configure:21475: checking for joinable pthread attribute
configure:21494: gcc -o conftest -g -O2 -pthread   conftest.c   >&5
configure:21497: $? = 0
configure:21500: test -s conftest
configure:21503: $? = 0
configure:21558: result: PTHREAD_CREATE_JOINABLE
configure:21565: checking if more special flags are required for pthreads
configure:21572: result: no
configure:21577: checking for pthread_rwlock_t
configure:21603: gcc -c -g -O2 -pthread  conftest.c >&5
configure:21606: $? = 0
configure:21609: test -s conftest.o
configure:21612: $? = 0
configure:21623: result: yes
configure:21641: checking for cc_r
configure:21668: result: gcc
configure:21773: checking for curl-config
configure:21806: result: no
configure:21857: checking curl/curl.h usability
configure:21870: gcc -c -g -O2  -I/usr/local/include conftest.c >&5
configure:21943:23: fatal error: curl/curl.h: No such file or directory
compilation terminated.
configure:21873: $? = 1
configure: failed program was:
| #line 21859 "configure"
| /* confdefs.h.  */
| 
| #define PACKAGE_NAME "Icecast"
| #define PACKAGE_TARNAME "icecast"
| #define PACKAGE_VERSION "2.2.0"
| #define PACKAGE_STRING "Icecast 2.2.0"
| #define PACKAGE_BUGREPORT "icecast@xiph.org"
| #define PACKAGE "icecast"
| #define VERSION "2.2.0"
| #define STDC_HEADERS 1
| #define HAVE_SYS_TYPES_H 1
| #define HAVE_SYS_STAT_H 1
| #define HAVE_STDLIB_H 1
| #define HAVE_STRING_H 1
| #define HAVE_MEMORY_H 1
| #define HAVE_STRINGS_H 1
| #define HAVE_INTTYPES_H 1
| #define HAVE_STDINT_H 1
| #define HAVE_UNISTD_H 1
| #define HAVE_DLFCN_H 1
| #ifdef __cplusplus
| #include <stdlib.h>
| #endif
| #define _GNU_SOURCE 1
| #define STDC_HEADERS 1
| #define HAVE_ALLOCA_H 1
| #define HAVE_PWD_H 1
| #define CHUID 1
| #define HAVE_UNISTD_H 1
| #define CHROOT 1
| #define HAVE_LOCALTIME_R 1
| #define HAVE_POLL 1
| #define HAVE_NANOSLEEP 1
| #define HAVE_SYS_SOCKET_H 1
| #define HAVE_SOCKLEN_T 1
| #define HAVE_SYS_SELECT_H 1
| #define HAVE_SYS_UIO_H 1
| #define HAVE_SETHOSTENT 1
| #define HAVE_GETNAMEINFO 1
| #define HAVE_ENDHOSTENT 1
| #define HAVE_GETADDRINFO 1
| #define HAVE_INET_ATON 1
| #define HAVE_WRITEV 1
| #define HAVE_STRUCT_SOCKADDR_STORAGE_SS_FAMILY 1
| #define HAVE_INET_PTON 1
| #define HAVE_OGG 1
| #define HAVE_STRUCT_OVECTL_RATEMANAGE_ARG 1
| #define HAVE_PTHREAD_RWLOCK_T 1
| #define HAVE_PTHREAD 1
| /* end confdefs.h.  */
| #include <stdio.h>
| #if HAVE_SYS_TYPES_H
| # include <sys/types.h>
| #endif
| #if HAVE_SYS_STAT_H
| # include <sys/stat.h>
| #endif
| #if STDC_HEADERS
| # include <stdlib.h>
| # include <stddef.h>
| #else
| # if HAVE_STDLIB_H
| #  include <stdlib.h>
| # endif
| #endif
| #if HAVE_STRING_H
| # if !STDC_HEADERS && HAVE_MEMORY_H
| #  include <memory.h>
| # endif
| # include <string.h>
| #endif
| #if HAVE_STRINGS_H
| # include <strings.h>
| #endif
| #if HAVE_INTTYPES_H
| # include <inttypes.h>
| #else
| # if HAVE_STDINT_H
| #  include <stdint.h>
| # endif
| #endif
| #if HAVE_UNISTD_H
| # include <unistd.h>
| #endif
| #include <curl/curl.h>
configure:21889: result: no
configure:21893: checking curl/curl.h presence
configure:21904: gcc -E  -I/usr/local/include conftest.c
configure:21945:23: fatal error: curl/curl.h: No such file or directory
compilation terminated.
configure:21910: $? = 1
configure: failed program was:
| #line 21895 "configure"
| /* confdefs.h.  */
| 
| #define PACKAGE_NAME "Icecast"
| #define PACKAGE_TARNAME "icecast"
| #define PACKAGE_VERSION "2.2.0"
| #define PACKAGE_STRING "Icecast 2.2.0"
| #define PACKAGE_BUGREPORT "icecast@xiph.org"
| #define PACKAGE "icecast"
| #define VERSION "2.2.0"
| #define STDC_HEADERS 1
| #define HAVE_SYS_TYPES_H 1
| #define HAVE_SYS_STAT_H 1
| #define HAVE_STDLIB_H 1
| #define HAVE_STRING_H 1
| #define HAVE_MEMORY_H 1
| #define HAVE_STRINGS_H 1
| #define HAVE_INTTYPES_H 1
| #define HAVE_STDINT_H 1
| #define HAVE_UNISTD_H 1
| #define HAVE_DLFCN_H 1
| #ifdef __cplusplus
| #include <stdlib.h>
| #endif
| #define _GNU_SOURCE 1
| #define STDC_HEADERS 1
| #define HAVE_ALLOCA_H 1
| #define HAVE_PWD_H 1
| #define CHUID 1
| #define HAVE_UNISTD_H 1
| #define CHROOT 1
| #define HAVE_LOCALTIME_R 1
| #define HAVE_POLL 1
| #define HAVE_NANOSLEEP 1
| #define HAVE_SYS_SOCKET_H 1
| #define HAVE_SOCKLEN_T 1
| #define HAVE_SYS_SELECT_H 1
| #define HAVE_SYS_UIO_H 1
| #define HAVE_SETHOSTENT 1
| #define HAVE_GETNAMEINFO 1
| #define HAVE_ENDHOSTENT 1
| #define HAVE_GETADDRINFO 1
| #define HAVE_INET_ATON 1
| #define HAVE_WRITEV 1
| #define HAVE_STRUCT_SOCKADDR_STORAGE_SS_FAMILY 1
| #define HAVE_INET_PTON 1
| #define HAVE_OGG 1
| #define HAVE_STRUCT_OVECTL_RATEMANAGE_ARG 1
| #define HAVE_PTHREAD_RWLOCK_T 1
| #define HAVE_PTHREAD 1
| /* end confdefs.h.  */
| #include <curl/curl.h>
configure:21929: result: no
configure:21965: checking for curl/curl.h
configure:21972: result: no
configure:21987: checking for libcurl
configure:22138: result: no
configure:22142: libcurl not found, YP disabled
configure:22279: creating ./config.status

## ---------------------- ##
## Running config.status. ##
## ---------------------- ##

This file was extended by Icecast config.status 2.2.0, which was
generated by GNU Autoconf 2.57.  Invocation command line was

  CONFIG_FILES    = 
  CONFIG_HEADERS  = 
  CONFIG_LINKS    = 
  CONFIG_COMMANDS = 
  $ ./config.status 

on black

config.status:717: creating Makefile
config.status:717: creating conf/Makefile
config.status:717: creating debian/Makefile
config.status:717: creating src/Makefile
config.status:717: creating src/avl/Makefile
config.status:717: creating src/httpp/Makefile
config.status:717: creating src/thread/Makefile
config.status:717: creating src/log/Makefile
config.status:717: creating src/net/Makefile
config.status:717: creating src/timing/Makefile
config.status:717: creating doc/Makefile
config.status:717: creating web/Makefile
config.status:717: creating admin/Makefile
config.status:717: creating win32/Makefile
config.status:717: creating win32/res/Makefile
config.status:821: creating config.h
config.status:998: config.h is unchanged
config.status:1104: executing depfiles commands

## ---------------- ##
## Cache variables. ##
## ---------------- ##

ac_cv_build=x86_64-unknown-linux-gnu
ac_cv_build_alias=x86_64-unknown-linux-gnu
ac_cv_c_compiler_gnu=yes
ac_cv_cxx_compiler_gnu=yes
ac_cv_env_CC_set=
ac_cv_env_CC_value=
ac_cv_env_CFLAGS_set=
ac_cv_env_CFLAGS_value=
ac_cv_env_CPPFLAGS_set=
ac_cv_env_CPPFLAGS_value=
ac_cv_env_CPP_set=
ac_cv_env_CPP_value=
ac_cv_env_CXXCPP_set=
ac_cv_env_CXXCPP_value=
ac_cv_env_CXXFLAGS_set=
ac_cv_env_CXXFLAGS_value=
ac_cv_env_CXX_set=
ac_cv_env_CXX_value=
ac_cv_env_F77_set=
ac_cv_env_F77_value=
ac_cv_env_FFLAGS_set=
ac_cv_env_FFLAGS_value=
ac_cv_env_LDFLAGS_set=
ac_cv_env_LDFLAGS_value=
ac_cv_env_OGG_PREFIX_set=
ac_cv_env_OGG_PREFIX_value=
ac_cv_env_THEORA_set=
ac_cv_env_THEORA_value=
ac_cv_env_VORBIS_PREFIX_set=
ac_cv_env_VORBIS_PREFIX_value=
ac_cv_env_XSLTCONFIG_set=
ac_cv_env_XSLTCONFIG_value=
ac_cv_env_build_alias_set=
ac_cv_env_build_alias_value=
ac_cv_env_host_alias_set=
ac_cv_env_host_alias_value=
ac_cv_env_target_alias_set=
ac_cv_env_target_alias_value=
ac_cv_exeext=
ac_cv_f77_compiler_gnu=no
ac_cv_func_endhostent=yes
ac_cv_func_getaddrinfo=yes
ac_cv_func_inet_aton=yes
ac_cv_func_inet_pton=yes
ac_cv_func_localtime_r=yes
ac_cv_func_poll=yes
ac_cv_func_writev=yes
ac_cv_func_xsltSaveResultToString=yes
ac_cv_header_alloca_h=yes
ac_cv_header_curl_curl_h=no
ac_cv_header_dlfcn_h=yes
ac_cv_header_inttypes_h=yes
ac_cv_header_memory_h=yes
ac_cv_header_pwd_h=yes
ac_cv_header_stdc=yes
ac_cv_header_stdint_h=yes
ac_cv_header_stdlib_h=yes
ac_cv_header_string_h=yes
ac_cv_header_strings_h=yes
ac_cv_header_sys_select_h=yes
ac_cv_header_sys_socket_h=yes
ac_cv_header_sys_stat_h=yes
ac_cv_header_sys_types_h=yes
ac_cv_header_sys_uio_h=yes
ac_cv_header_unistd_h=yes
ac_cv_header_winsock2_h=no
ac_cv_host=x86_64-unknown-linux-gnu
ac_cv_host_alias=x86_64-unknown-linux-gnu
ac_cv_member_struct_sockaddr_storage_ss_family=yes
ac_cv_objext=o
ac_cv_path_XSLTCONFIG=/usr/bin/xslt-config
ac_cv_path_install='/usr/bin/install -c'
ac_cv_prog_AWK=mawk
ac_cv_prog_CPP='gcc -E'
ac_cv_prog_CXXCPP='g++ -E'
ac_cv_prog_PTHREAD_CC=gcc
ac_cv_prog_ac_ct_AR=ar
ac_cv_prog_ac_ct_CC=gcc
ac_cv_prog_ac_ct_CXX=g++
ac_cv_prog_ac_ct_RANLIB=ranlib
ac_cv_prog_ac_ct_STRIP=strip
ac_cv_prog_cc_g=yes
ac_cv_prog_cc_stdc=
ac_cv_prog_cxx_g=yes
ac_cv_prog_egrep='grep -E'
ac_cv_prog_f77_g=no
ac_cv_prog_fgrep='grep -F'
ac_cv_prog_make_make_set=yes
ac_cv_search_getnameinfo='none required'
ac_cv_search_nanosleep='none required'
ac_cv_search_sethostent='none required'
ac_cv_type_pthread_rwlock_t=yes
ac_cv_type_socklen_t=yes
ac_cv_type_struct_ovectl_ratemanage_arg=yes
am_cv_CC_dependencies_compiler_type=gcc3
am_cv_CXX_dependencies_compiler_type=gcc3
lt_cv_deplibs_check_method=pass_all
lt_cv_file_magic_cmd='$MAGIC_CMD'
lt_cv_file_magic_test_file='/lib/libc.so* /lib/libc-*.so'
lt_cv_ld_reload_flag=-r
lt_cv_objdir=.libs
lt_cv_path_LD=/usr/bin/ld
lt_cv_path_LDCXX='/usr/bin/ld -m elf_x86_64'
lt_cv_path_NM='/usr/bin/nm -B'
lt_cv_path_SED=/bin/sed
lt_cv_prog_compiler_c_o=yes
lt_cv_prog_compiler_c_o_CXX=yes
lt_cv_prog_compiler_rtti_exceptions=no
lt_cv_prog_gnu_ld=yes
lt_cv_prog_gnu_ldcxx=yes
lt_cv_sys_global_symbol_pipe='sed -n -e '\''s/^.*[ 	]\([ABCDGIRSTW][ABCDGIRSTW]*\)[ 	][ 	]*\(\)\([_A-Za-z][_A-Za-z0-9]*\)$/\1 \2\3 \3/p'\'''
lt_cv_sys_global_symbol_to_c_name_address='sed -n -e '\''s/^: \([^ ]*\) $/  {\"\1\", (lt_ptr) 0},/p'\'' -e '\''s/^[BCDEGRST] \([^ ]*\) \([^ ]*\)$/  {"\2", (lt_ptr) \&\2},/p'\'''
lt_cv_sys_global_symbol_to_cdecl='sed -n -e '\''s/^. .* \(.*\)$/extern int \1;/p'\'''
lt_cv_sys_max_cmd_len=32768
lt_lt_cv_prog_compiler_c_o='"yes"'
lt_lt_cv_prog_compiler_c_o_CXX='"yes"'
lt_lt_cv_sys_global_symbol_pipe='"sed -n -e '\''s/^.*[ 	]\\([ABCDGIRSTW][ABCDGIRSTW]*\\)[ 	][ 	]*\\(\\)\\([_A-Za-z][_A-Za-z0-9]*\\)\$/\\1 \\2\\3 \\3/p'\''"'
lt_lt_cv_sys_global_symbol_to_c_name_address='"sed -n -e '\''s/^: \\([^ ]*\\) \$/  {\\\"\\1\\\", (lt_ptr) 0},/p'\'' -e '\''s/^[BCDEGRST] \\([^ ]*\\) \\([^ ]*\\)\$/  {\"\\2\", (lt_ptr) \\&\\2},/p'\''"'
lt_lt_cv_sys_global_symbol_to_cdecl='"sed -n -e '\''s/^. .* \\(.*\\)\$/extern int \\1;/p'\''"'
xt_cv_lib_ogg=ok

## ----------------- ##
## Output variables. ##
## ----------------- ##

ACLOCAL='${SHELL} /home/hayden/wahoo-home/kitsune/dev/examples/icecast/icecast-2.2.0/missing --run aclocal-1.6'
AMDEPBACKSLASH='\'
AMDEP_FALSE='#'
AMDEP_TRUE=''
AMTAR='${SHELL} /home/hayden/wahoo-home/kitsune/dev/examples/icecast/icecast-2.2.0/missing --run tar'
AR='ar'
AUTOCONF='${SHELL} /home/hayden/wahoo-home/kitsune/dev/examples/icecast/icecast-2.2.0/missing --run autoconf'
AUTOHEADER='${SHELL} /home/hayden/wahoo-home/kitsune/dev/examples/icecast/icecast-2.2.0/missing --run autoheader'
AUTOMAKE='${SHELL} /home/hayden/wahoo-home/kitsune/dev/examples/icecast/icecast-2.2.0/missing --run automake-1.6'
AWK='mawk'
CC='gcc'
CCDEPMODE='depmode=gcc3'
CFLAGS='-g -O2'
CPP='gcc -E'
CPPFLAGS=''
CURL_CONFIG=''
CXX='g++'
CXXCPP='g++ -E'
CXXDEPMODE='depmode=gcc3'
CXXFLAGS='-g -O2'
DEBUG='-g'
DEFS='-DHAVE_CONFIG_H'
DEPDIR='.deps'
ECHO='echo'
ECHO_C=''
ECHO_N='-n'
ECHO_T=''
EGREP='grep -E'
EXEEXT=''
F77=''
FFLAGS=''
FGREP='grep -F'
ICECAST_OPTIONAL=' format_vorbis.o'
INSTALL_DATA='${INSTALL} -m 644'
INSTALL_PROGRAM='${INSTALL}'
INSTALL_SCRIPT='${INSTALL}'
INSTALL_STRIP_PROGRAM='${SHELL} $(install_sh) -c -s'
LDFLAGS=''
LIBOBJS=''
LIBS=''
LIBTOOL='$(SHELL) $(top_builddir)/libtool'
LIBTOOL_DEPS='./ltmain.sh'
LN_S='ln -s'
LTLIBOBJS=''
MAINT='#'
MAINTAINER_MODE_FALSE=''
MAINTAINER_MODE_TRUE='#'
MAKEINFO='${SHELL} /home/hayden/wahoo-home/kitsune/dev/examples/icecast/icecast-2.2.0/missing --run makeinfo'
OBJEXT='o'
OGG_CFLAGS='-I/usr/local/include'
OGG_LDFLAGS='-L/usr/local/lib'
OGG_LIBS='-logg'
OGG_PREFIX=''
PACKAGE='icecast'
PACKAGE_BUGREPORT='icecast@xiph.org'
PACKAGE_NAME='Icecast'
PACKAGE_STRING='Icecast 2.2.0'
PACKAGE_TARNAME='icecast'
PACKAGE_VERSION='2.2.0'
PATH_SEPARATOR=':'
PROFILE='-pg -g'
PTHREAD_CC='gcc'
PTHREAD_CFLAGS='-pthread'
PTHREAD_CPPFLAGS=''
PTHREAD_LIBS=''
RANLIB='ranlib'
SET_MAKE=''
SHELL='/bin/bash'
STRIP='strip'
THEORA=''
THEORA_CFLAGS=''
THEORA_LDFLAGS=''
THEORA_LIBS=''
VERSION='2.2.0'
VORBISENC_LIBS='-lvorbisenc'
VORBISFILE_LIBS='-lvorbisfile'
VORBIS_CFLAGS='-I/usr/local/include'
VORBIS_LDFLAGS='-L/usr/local/lib'
VORBIS_LIBS='-lvorbis -logg -lm'
VORBIS_PREFIX=''
XIPH_CFLAGS=' -pthread'
XIPH_CPPFLAGS='-Wall -ffast-math -fsigned-char -I/usr/include/libxml2 -I/usr/local/include'
XIPH_LDFLAGS=' -L/usr/local/lib'
XIPH_LIBS='  -lvorbis -logg -lm  -L/usr/lib -lxslt -lxml2 '
XSLTCONFIG='/usr/bin/xslt-config'
ac_ct_AR='ar'
ac_ct_CC='gcc'
ac_ct_CXX='g++'
ac_ct_F77=''
ac_ct_RANLIB='ranlib'
ac_ct_STRIP='strip'
am__include='include'
am__quote=''
bindir='${exec_prefix}/bin'
build='x86_64-unknown-linux-gnu'
build_alias=''
build_cpu='x86_64'
build_os='linux-gnu'
build_vendor='unknown'
datadir='${prefix}/share'
exec_prefix='${prefix}'
host='x86_64-unknown-linux-gnu'
host_alias=''
host_cpu='x86_64'
host_os='linux-gnu'
host_vendor='unknown'
includedir='${prefix}/include'
infodir='${prefix}/info'
install_sh='/home/hayden/wahoo-home/kitsune/dev/examples/icecast/icecast-2.2.0/install-sh'
libdir='${exec_prefix}/lib'
libexecdir='${exec_prefix}/libexec'
localstatedir='${prefix}/var'
mandir='${prefix}/man'
oldincludedir='/usr/include'
prefix='/usr/local'
program_transform_name='s,x,x,'
sbindir='${exec_prefix}/sbin'
sharedstatedir='${prefix}/com'
sysconfdir='${prefix}/etc'
target_alias=''

## ----------- ##
## confdefs.h. ##
## ----------- ##

#define CHROOT 1
#define CHUID 1
#define HAVE_ALLOCA_H 1
#define HAVE_DLFCN_H 1
#define HAVE_ENDHOSTENT 1
#define HAVE_GETADDRINFO 1
#define HAVE_GETNAMEINFO 1
#define HAVE_INET_ATON 1
#define HAVE_INET_PTON 1
#define HAVE_INTTYPES_H 1
#define HAVE_LOCALTIME_R 1
#define HAVE_MEMORY_H 1
#define HAVE_NANOSLEEP 1
#define HAVE_OGG 1
#define HAVE_POLL 1
#define HAVE_PTHREAD 1
#define HAVE_PTHREAD_RWLOCK_T 1
#define HAVE_PWD_H 1
#define HAVE_SETHOSTENT 1
#define HAVE_SOCKLEN_T 1
#define HAVE_STDINT_H 1
#define HAVE_STDLIB_H 1
#define HAVE_STRINGS_H 1
#define HAVE_STRING_H 1
#define HAVE_STRUCT_OVECTL_RATEMANAGE_ARG 1
#define HAVE_STRUCT_SOCKADDR_STORAGE_SS_FAMILY 1
#define HAVE_SYS_SELECT_H 1
#define HAVE_SYS_SOCKET_H 1
#define HAVE_SYS_STAT_H 1
#define HAVE_SYS_TYPES_H 1
#define HAVE_SYS_UIO_H 1
#define HAVE_UNISTD_H 1
#define HAVE_UNISTD_H 1
#define HAVE_WRITEV 1
#define PACKAGE "icecast"
#define PACKAGE_BUGREPORT "icecast@xiph.org"
#define PACKAGE_NAME "Icecast"
#define PACKAGE_STRING "Icecast 2.2.0"
#define PACKAGE_TARNAME "icecast"
#define PACKAGE_VERSION "2.2.0"
#define STDC_HEADERS 1
#define STDC_HEADERS 1
#define VERSION "2.2.0"
#define _GNU_SOURCE 1
#endif
#ifdef __cplusplus
#include <stdlib.h>

configure: exit 0
