This file contains any messages produced by compilers while
running configure, to aid debugging if configure makes a mistake.

It was created by Icecast configure 2.3.0.rc1, which was
generated by GNU Autoconf 2.59.  Invocation command line was

  $ ./configure --no-create --no-recursion

## --------- ##
## Platform. ##
## --------- ##

hostname = black
uname -m = x86_64
uname -r = 3.0.0-12-generic
uname -s = Linux
uname -v = #20-Ubuntu SMP Fri Oct 7 14:56:25 UTC 2011

/usr/bin/uname -p = unknown
/bin/uname -X     = unknown

/bin/arch              = unknown
/usr/bin/arch -k       = unknown
/usr/convex/getsysinfo = unknown
hostinfo               = unknown
/bin/machine           = unknown
/usr/bin/oslevel       = unknown
/bin/universe          = unknown

PATH: /home/hayden/.rvm/gems/ruby-1.9.2-p180@rails3/bin
PATH: /home/hayden/.rvm/gems/ruby-1.9.2-p180@global/bin
PATH: /home/hayden/.rvm/rubies/ruby-1.9.2-p180/bin
PATH: /home/hayden/.rvm/bin
PATH: /usr/lib/lightdm/lightdm
PATH: /usr/local/sbin
PATH: /usr/local/bin
PATH: /usr/sbin
PATH: /usr/bin
PATH: /sbin
PATH: /bin
PATH: /usr/games


## ----------- ##
## Core tests. ##
## ----------- ##

configure:1592: checking for a BSD-compatible install
configure:1647: result: /usr/bin/install -c
configure:1658: checking whether build environment is sane
configure:1701: result: yes
configure:1734: checking for gawk
configure:1763: result: no
configure:1734: checking for mawk
configure:1750: found /usr/bin/mawk
configure:1760: result: mawk
configure:1770: checking whether make sets $(MAKE)
configure:1790: result: yes
configure:1941: checking whether to enable maintainer-specific portions of Makefiles
configure:1950: result: no
configure:2012: checking for gcc
configure:2028: found /usr/bin/gcc
configure:2038: result: gcc
configure:2282: checking for C compiler version
configure:2285: gcc --version </dev/null >&5
gcc (Ubuntu/Linaro 4.6.1-9ubuntu3) 4.6.1
Copyright (C) 2011 Free Software Foundation, Inc.
This is free software; see the source for copying conditions.  There is NO
warranty; not even for MERCHANTABILITY or FITNESS FOR A PARTICULAR PURPOSE.

configure:2288: $? = 0
configure:2290: gcc -v </dev/null >&5
Using built-in specs.
COLLECT_GCC=gcc
COLLECT_LTO_WRAPPER=/usr/lib/gcc/x86_64-linux-gnu/4.6.1/lto-wrapper
Target: x86_64-linux-gnu
Configured with: ../src/configure -v --with-pkgversion='Ubuntu/Linaro 4.6.1-9ubuntu3' --with-bugurl=file:///usr/share/doc/gcc-4.6/README.Bugs --enable-languages=c,c++,fortran,objc,obj-c++,go --prefix=/usr --program-suffix=-4.6 --enable-shared --enable-linker-build-id --with-system-zlib --libexecdir=/usr/lib --without-included-gettext --enable-threads=posix --with-gxx-include-dir=/usr/include/c++/4.6 --libdir=/usr/lib --enable-nls --with-sysroot=/ --enable-clocale=gnu --enable-libstdcxx-debug --enable-libstdcxx-time=yes --enable-plugin --enable-objc-gc --disable-werror --with-arch-32=i686 --with-tune=generic --enable-checking=release --build=x86_64-linux-gnu --host=x86_64-linux-gnu --target=x86_64-linux-gnu
Thread model: posix
gcc version 4.6.1 (Ubuntu/Linaro 4.6.1-9ubuntu3) 
configure:2293: $? = 0
configure:2295: gcc -V </dev/null >&5
gcc: error: unrecognized option '-V'
gcc: fatal error: no input files
compilation terminated.
configure:2298: $? = 4
configure:2321: checking for C compiler default output file name
configure:2324: gcc    conftest.c  >&5
configure:2327: $? = 0
configure:2373: result: a.out
configure:2378: checking whether the C compiler works
configure:2384: ./a.out
configure:2387: $? = 0
configure:2404: result: yes
configure:2411: checking whether we are cross compiling
configure:2413: result: no
configure:2416: checking for suffix of executables
configure:2418: gcc -o conftest    conftest.c  >&5
configure:2421: $? = 0
configure:2446: result: 
configure:2452: checking for suffix of object files
configure:2473: gcc -c   conftest.c >&5
configure:2476: $? = 0
configure:2498: result: o
configure:2502: checking whether we are using the GNU C compiler
configure:2526: gcc -c   conftest.c >&5
configure:2532: $? = 0
configure:2536: test -z 
			 || test ! -s conftest.err
configure:2539: $? = 0
configure:2542: test -s conftest.o
configure:2545: $? = 0
configure:2558: result: yes
configure:2564: checking whether gcc accepts -g
configure:2585: gcc -c -g  conftest.c >&5
configure:2591: $? = 0
configure:2595: test -z 
			 || test ! -s conftest.err
configure:2598: $? = 0
configure:2601: test -s conftest.o
configure:2604: $? = 0
configure:2615: result: yes
configure:2632: checking for gcc option to accept ANSI C
configure:2702: gcc  -c -g -O2  conftest.c >&5
configure:2708: $? = 0
configure:2712: test -z 
			 || test ! -s conftest.err
configure:2715: $? = 0
configure:2718: test -s conftest.o
configure:2721: $? = 0
configure:2739: result: none needed
configure:2757: gcc -c -g -O2  conftest.c >&5
conftest.c:2:3: error: unknown type name 'choke'
conftest.c:2:3: error: expected '=', ',', ';', 'asm' or '__attribute__' at end of input
configure:2763: $? = 1
configure: failed program was:
| #ifndef __cplusplus
|   choke me
| #endif
configure:2915: checking for style of include used by make
configure:2943: result: GNU
configure:2971: checking dependency style of gcc
configure:3033: result: gcc3
configure:3044: checking build system type
configure:3062: result: x86_64-unknown-linux-gnu
configure:3070: checking host system type
configure:3084: result: x86_64-unknown-linux-gnu
configure:3164: checking for a sed that does not truncate output
configure:3218: result: /bin/sed
configure:3221: checking for egrep
configure:3231: result: grep -E
configure:3247: checking for ld used by gcc
configure:3314: result: /usr/bin/ld
configure:3323: checking if the linker (/usr/bin/ld) is GNU ld
configure:3338: result: yes
configure:3343: checking for /usr/bin/ld option to reload object files
configure:3350: result: -r
configure:3359: checking for BSD-compatible nm
configure:3401: result: /usr/bin/nm -B
configure:3405: checking whether ln -s works
configure:3409: result: yes
configure:3416: checking how to recognise dependent libraries
configure:3599: result: pass_all
configure:3684: gcc -c -g -O2  conftest.c >&5
configure:3687: $? = 0
configure:3813: checking how to run the C preprocessor
configure:3848: gcc -E  conftest.c
configure:3854: $? = 0
configure:3886: gcc -E  conftest.c
conftest.c:11:28: fatal error: ac_nonexistent.h: No such file or directory
compilation terminated.
configure:3892: $? = 1
configure: failed program was:
| /* confdefs.h.  */
| 
| #define PACKAGE_NAME "Icecast"
| #define PACKAGE_TARNAME "icecast"
| #define PACKAGE_VERSION "2.3.0.rc1"
| #define PACKAGE_STRING "Icecast 2.3.0.rc1"
| #define PACKAGE_BUGREPORT "icecast@xiph.org"
| #define PACKAGE "icecast"
| #define VERSION "2.3.0.rc1"
| /* end confdefs.h.  */
| #include <ac_nonexistent.h>
configure:3931: result: gcc -E
configure:3955: gcc -E  conftest.c
configure:3961: $? = 0
configure:3993: gcc -E  conftest.c
conftest.c:11:28: fatal error: ac_nonexistent.h: No such file or directory
compilation terminated.
configure:3999: $? = 1
configure: failed program was:
| /* confdefs.h.  */
| 
| #define PACKAGE_NAME "Icecast"
| #define PACKAGE_TARNAME "icecast"
| #define PACKAGE_VERSION "2.3.0.rc1"
| #define PACKAGE_STRING "Icecast 2.3.0.rc1"
| #define PACKAGE_BUGREPORT "icecast@xiph.org"
| #define PACKAGE "icecast"
| #define VERSION "2.3.0.rc1"
| /* end confdefs.h.  */
| #include <ac_nonexistent.h>
configure:4043: checking for ANSI C header files
configure:4068: gcc -c -g -O2  conftest.c >&5
configure:4074: $? = 0
configure:4078: test -z 
			 || test ! -s conftest.err
configure:4081: $? = 0
configure:4084: test -s conftest.o
configure:4087: $? = 0
configure:4176: gcc -o conftest -g -O2   conftest.c  >&5
conftest.c: In function 'main':
conftest.c:28:7: warning: incompatible implicit declaration of built-in function 'exit' [enabled by default]
configure:4179: $? = 0
configure:4181: ./conftest
configure:4184: $? = 0
configure:4199: result: yes
configure:4223: checking for sys/types.h
configure:4239: gcc -c -g -O2  conftest.c >&5
configure:4245: $? = 0
configure:4249: test -z 
			 || test ! -s conftest.err
configure:4252: $? = 0
configure:4255: test -s conftest.o
configure:4258: $? = 0
configure:4269: result: yes
configure:4223: checking for sys/stat.h
configure:4239: gcc -c -g -O2  conftest.c >&5
configure:4245: $? = 0
configure:4249: test -z 
			 || test ! -s conftest.err
configure:4252: $? = 0
configure:4255: test -s conftest.o
configure:4258: $? = 0
configure:4269: result: yes
configure:4223: checking for stdlib.h
configure:4239: gcc -c -g -O2  conftest.c >&5
configure:4245: $? = 0
configure:4249: test -z 
			 || test ! -s conftest.err
configure:4252: $? = 0
configure:4255: test -s conftest.o
configure:4258: $? = 0
configure:4269: result: yes
configure:4223: checking for string.h
configure:4239: gcc -c -g -O2  conftest.c >&5
configure:4245: $? = 0
configure:4249: test -z 
			 || test ! -s conftest.err
configure:4252: $? = 0
configure:4255: test -s conftest.o
configure:4258: $? = 0
configure:4269: result: yes
configure:4223: checking for memory.h
configure:4239: gcc -c -g -O2  conftest.c >&5
configure:4245: $? = 0
configure:4249: test -z 
			 || test ! -s conftest.err
configure:4252: $? = 0
configure:4255: test -s conftest.o
configure:4258: $? = 0
configure:4269: result: yes
configure:4223: checking for strings.h
configure:4239: gcc -c -g -O2  conftest.c >&5
configure:4245: $? = 0
configure:4249: test -z 
			 || test ! -s conftest.err
configure:4252: $? = 0
configure:4255: test -s conftest.o
configure:4258: $? = 0
configure:4269: result: yes
configure:4223: checking for inttypes.h
configure:4239: gcc -c -g -O2  conftest.c >&5
configure:4245: $? = 0
configure:4249: test -z 
			 || test ! -s conftest.err
configure:4252: $? = 0
configure:4255: test -s conftest.o
configure:4258: $? = 0
configure:4269: result: yes
configure:4223: checking for stdint.h
configure:4239: gcc -c -g -O2  conftest.c >&5
configure:4245: $? = 0
configure:4249: test -z 
			 || test ! -s conftest.err
configure:4252: $? = 0
configure:4255: test -s conftest.o
configure:4258: $? = 0
configure:4269: result: yes
configure:4223: checking for unistd.h
configure:4239: gcc -c -g -O2  conftest.c >&5
configure:4245: $? = 0
configure:4249: test -z 
			 || test ! -s conftest.err
configure:4252: $? = 0
configure:4255: test -s conftest.o
configure:4258: $? = 0
configure:4269: result: yes
configure:4295: checking dlfcn.h usability
configure:4307: gcc -c -g -O2  conftest.c >&5
configure:4313: $? = 0
configure:4317: test -z 
			 || test ! -s conftest.err
configure:4320: $? = 0
configure:4323: test -s conftest.o
configure:4326: $? = 0
configure:4336: result: yes
configure:4340: checking dlfcn.h presence
configure:4350: gcc -E  conftest.c
configure:4356: $? = 0
configure:4376: result: yes
configure:4411: checking for dlfcn.h
configure:4418: result: yes
configure:4483: checking for g++
configure:4499: found /usr/bin/g++
configure:4509: result: g++
configure:4525: checking for C++ compiler version
configure:4528: g++ --version </dev/null >&5
g++ (Ubuntu/Linaro 4.6.1-9ubuntu3) 4.6.1
Copyright (C) 2011 Free Software Foundation, Inc.
This is free software; see the source for copying conditions.  There is NO
warranty; not even for MERCHANTABILITY or FITNESS FOR A PARTICULAR PURPOSE.

configure:4531: $? = 0
configure:4533: g++ -v </dev/null >&5
Using built-in specs.
COLLECT_GCC=g++
COLLECT_LTO_WRAPPER=/usr/lib/gcc/x86_64-linux-gnu/4.6.1/lto-wrapper
Target: x86_64-linux-gnu
Configured with: ../src/configure -v --with-pkgversion='Ubuntu/Linaro 4.6.1-9ubuntu3' --with-bugurl=file:///usr/share/doc/gcc-4.6/README.Bugs --enable-languages=c,c++,fortran,objc,obj-c++,go --prefix=/usr --program-suffix=-4.6 --enable-shared --enable-linker-build-id --with-system-zlib --libexecdir=/usr/lib --without-included-gettext --enable-threads=posix --with-gxx-include-dir=/usr/include/c++/4.6 --libdir=/usr/lib --enable-nls --with-sysroot=/ --enable-clocale=gnu --enable-libstdcxx-debug --enable-libstdcxx-time=yes --enable-plugin --enable-objc-gc --disable-werror --with-arch-32=i686 --with-tune=generic --enable-checking=release --build=x86_64-linux-gnu --host=x86_64-linux-gnu --target=x86_64-linux-gnu
Thread model: posix
gcc version 4.6.1 (Ubuntu/Linaro 4.6.1-9ubuntu3) 
configure:4536: $? = 0
configure:4538: g++ -V </dev/null >&5
g++: error: unrecognized option '-V'
g++: fatal error: no input files
compilation terminated.
configure:4541: $? = 4
configure:4544: checking whether we are using the GNU C++ compiler
configure:4568: g++ -c   conftest.cc >&5
configure:4574: $? = 0
configure:4578: test -z 
			 || test ! -s conftest.err
configure:4581: $? = 0
configure:4584: test -s conftest.o
configure:4587: $? = 0
configure:4600: result: yes
configure:4606: checking whether g++ accepts -g
configure:4627: g++ -c -g  conftest.cc >&5
configure:4633: $? = 0
configure:4637: test -z 
			 || test ! -s conftest.err
configure:4640: $? = 0
configure:4643: test -s conftest.o
configure:4646: $? = 0
configure:4657: result: yes
configure:4699: g++ -c -g -O2  conftest.cc >&5
configure:4705: $? = 0
configure:4709: test -z 
			 || test ! -s conftest.err
configure:4712: $? = 0
configure:4715: test -s conftest.o
configure:4718: $? = 0
configure:4744: g++ -c -g -O2  conftest.cc >&5
conftest.cc: In function 'int main()':
conftest.cc:26:9: error: 'exit' was not declared in this scope
configure:4750: $? = 1
configure: failed program was:
| /* confdefs.h.  */
| 
| #define PACKAGE_NAME "Icecast"
| #define PACKAGE_TARNAME "icecast"
| #define PACKAGE_VERSION "2.3.0.rc1"
| #define PACKAGE_STRING "Icecast 2.3.0.rc1"
| #define PACKAGE_BUGREPORT "icecast@xiph.org"
| #define PACKAGE "icecast"
| #define VERSION "2.3.0.rc1"
| #define STDC_HEADERS 1
| #define HAVE_SYS_TYPES_H 1
| #define HAVE_SYS_STAT_H 1
| #define HAVE_STDLIB_H 1
| #define HAVE_STRING_H 1
| #define HAVE_MEMORY_H 1
| #define HAVE_STRINGS_H 1
| #define HAVE_INTTYPES_H 1
| #define HAVE_STDINT_H 1
| #define HAVE_UNISTD_H 1
| #define HAVE_DLFCN_H 1
| /* end confdefs.h.  */
| 
| int
| main ()
| {
| exit (42);
|   ;
|   return 0;
| }
configure:4699: g++ -c -g -O2  conftest.cc >&5
conftest.cc:22:40: error: 'void std::exit(int)' should have been declared inside 'std'
configure:4705: $? = 1
configure: failed program was:
| /* confdefs.h.  */
| 
| #define PACKAGE_NAME "Icecast"
| #define PACKAGE_TARNAME "icecast"
| #define PACKAGE_VERSION "2.3.0.rc1"
| #define PACKAGE_STRING "Icecast 2.3.0.rc1"
| #define PACKAGE_BUGREPORT "icecast@xiph.org"
| #define PACKAGE "icecast"
| #define VERSION "2.3.0.rc1"
| #define STDC_HEADERS 1
| #define HAVE_SYS_TYPES_H 1
| #define HAVE_SYS_STAT_H 1
| #define HAVE_STDLIB_H 1
| #define HAVE_STRING_H 1
| #define HAVE_MEMORY_H 1
| #define HAVE_STRINGS_H 1
| #define HAVE_INTTYPES_H 1
| #define HAVE_STDINT_H 1
| #define HAVE_UNISTD_H 1
| #define HAVE_DLFCN_H 1
| /* end confdefs.h.  */
| extern "C" void std::exit (int) throw (); using std::exit;
| #include <stdlib.h>
| int
| main ()
| {
| exit (42);
|   ;
|   return 0;
| }
configure:4699: g++ -c -g -O2  conftest.cc >&5
conftest.cc:22:31: error: 'void std::exit(int)' should have been declared inside 'std'
In file included from conftest.cc:23:0:
/usr/include/stdlib.h:544:70: error: declaration of 'void std::exit(int) throw ()' has a different exception specifier
conftest.cc:22:17: error: from previous declaration 'void std::exit(int)'
configure:4705: $? = 1
configure: failed program was:
| /* confdefs.h.  */
| 
| #define PACKAGE_NAME "Icecast"
| #define PACKAGE_TARNAME "icecast"
| #define PACKAGE_VERSION "2.3.0.rc1"
| #define PACKAGE_STRING "Icecast 2.3.0.rc1"
| #define PACKAGE_BUGREPORT "icecast@xiph.org"
| #define PACKAGE "icecast"
| #define VERSION "2.3.0.rc1"
| #define STDC_HEADERS 1
| #define HAVE_SYS_TYPES_H 1
| #define HAVE_SYS_STAT_H 1
| #define HAVE_STDLIB_H 1
| #define HAVE_STRING_H 1
| #define HAVE_MEMORY_H 1
| #define HAVE_STRINGS_H 1
| #define HAVE_INTTYPES_H 1
| #define HAVE_STDINT_H 1
| #define HAVE_UNISTD_H 1
| #define HAVE_DLFCN_H 1
| /* end confdefs.h.  */
| extern "C" void std::exit (int); using std::exit;
| #include <stdlib.h>
| int
| main ()
| {
| exit (42);
|   ;
|   return 0;
| }
configure:4699: g++ -c -g -O2  conftest.cc >&5
configure:4705: $? = 0
configure:4709: test -z 
			 || test ! -s conftest.err
configure:4712: $? = 0
configure:4715: test -s conftest.o
configure:4718: $? = 0
configure:4744: g++ -c -g -O2  conftest.cc >&5
configure:4750: $? = 0
configure:4754: test -z 
			 || test ! -s conftest.err
configure:4757: $? = 0
configure:4760: test -s conftest.o
configure:4763: $? = 0
configure:4788: checking dependency style of g++
configure:4850: result: gcc3
configure:4860: checking how to run the C++ preprocessor
configure:4891: g++ -E  conftest.cc
configure:4897: $? = 0
configure:4929: g++ -E  conftest.cc
conftest.cc:25:28: fatal error: ac_nonexistent.h: No such file or directory
compilation terminated.
configure:4935: $? = 1
configure: failed program was:
| /* confdefs.h.  */
| 
| #define PACKAGE_NAME "Icecast"
| #define PACKAGE_TARNAME "icecast"
| #define PACKAGE_VERSION "2.3.0.rc1"
| #define PACKAGE_STRING "Icecast 2.3.0.rc1"
| #define PACKAGE_BUGREPORT "icecast@xiph.org"
| #define PACKAGE "icecast"
| #define VERSION "2.3.0.rc1"
| #define STDC_HEADERS 1
| #define HAVE_SYS_TYPES_H 1
| #define HAVE_SYS_STAT_H 1
| #define HAVE_STDLIB_H 1
| #define HAVE_STRING_H 1
| #define HAVE_MEMORY_H 1
| #define HAVE_STRINGS_H 1
| #define HAVE_INTTYPES_H 1
| #define HAVE_STDINT_H 1
| #define HAVE_UNISTD_H 1
| #define HAVE_DLFCN_H 1
| #ifdef __cplusplus
| extern "C" void exit (int) throw ();
| #endif
| /* end confdefs.h.  */
| #include <ac_nonexistent.h>
configure:4974: result: g++ -E
configure:4998: g++ -E  conftest.cc
configure:5004: $? = 0
configure:5036: g++ -E  conftest.cc
conftest.cc:25:28: fatal error: ac_nonexistent.h: No such file or directory
compilation terminated.
configure:5042: $? = 1
configure: failed program was:
| /* confdefs.h.  */
| 
| #define PACKAGE_NAME "Icecast"
| #define PACKAGE_TARNAME "icecast"
| #define PACKAGE_VERSION "2.3.0.rc1"
| #define PACKAGE_STRING "Icecast 2.3.0.rc1"
| #define PACKAGE_BUGREPORT "icecast@xiph.org"
| #define PACKAGE "icecast"
| #define VERSION "2.3.0.rc1"
| #define STDC_HEADERS 1
| #define HAVE_SYS_TYPES_H 1
| #define HAVE_SYS_STAT_H 1
| #define HAVE_STDLIB_H 1
| #define HAVE_STRING_H 1
| #define HAVE_MEMORY_H 1
| #define HAVE_STRINGS_H 1
| #define HAVE_INTTYPES_H 1
| #define HAVE_STDINT_H 1
| #define HAVE_UNISTD_H 1
| #define HAVE_DLFCN_H 1
| #ifdef __cplusplus
| extern "C" void exit (int) throw ();
| #endif
| /* end confdefs.h.  */
| #include <ac_nonexistent.h>
configure:5137: checking for g77
configure:5166: result: no
configure:5137: checking for f77
configure:5166: result: no
configure:5137: checking for xlf
configure:5166: result: no
configure:5137: checking for frt
configure:5166: result: no
configure:5137: checking for pgf77
configure:5166: result: no
configure:5137: checking for fort77
configure:5166: result: no
configure:5137: checking for fl32
configure:5166: result: no
configure:5137: checking for af77
configure:5166: result: no
configure:5137: checking for f90
configure:5166: result: no
configure:5137: checking for xlf90
configure:5166: result: no
configure:5137: checking for pgf90
configure:5166: result: no
configure:5137: checking for epcf90
configure:5166: result: no
configure:5137: checking for f95
configure:5166: result: no
configure:5137: checking for fort
configure:5166: result: no
configure:5137: checking for xlf95
configure:5166: result: no
configure:5137: checking for ifc
configure:5166: result: no
configure:5137: checking for efc
configure:5166: result: no
configure:5137: checking for pgf95
configure:5166: result: no
configure:5137: checking for lf95
configure:5166: result: no
configure:5137: checking for gfortran
configure:5166: result: no
configure:5178: checking for Fortran 77 compiler version
configure:5181:  --version </dev/null >&5
./configure: line 5182: --version: command not found
configure:5184: $? = 127
configure:5186:  -v </dev/null >&5
./configure: line 5187: -v: command not found
configure:5189: $? = 127
configure:5191:  -V </dev/null >&5
./configure: line 5192: -V: command not found
configure:5194: $? = 127
configure:5202: checking whether we are using the GNU Fortran 77 compiler
configure:5216:  -c  conftest.F >&5
./configure: line 5217: -c: command not found
configure:5222: $? = 127
configure: failed program was:
|       program main
| #ifndef __GNUC__
|        choke me
| #endif
| 
|       end
configure:5248: result: no
configure:5254: checking whether  accepts -g
configure:5266:  -c -g conftest.f >&5
./configure: line 5267: -c: command not found
configure:5272: $? = 127
configure: failed program was:
|       program main
| 
|       end
configure:5297: result: no
configure:5327: checking the maximum length of command line arguments
configure:5392: result: 32768
configure:5403: checking command to parse /usr/bin/nm -B output from gcc object
configure:5492: gcc -c -g -O2  conftest.c >&5
configure:5495: $? = 0
configure:5499: /usr/bin/nm -B conftest.o \| sed -n -e 's/^.*[ 	]\([ABCDGIRSTW][ABCDGIRSTW]*\)[ 	][ 	]*\(\)\([_A-Za-z][_A-Za-z0-9]*\)$/\1 \2\3 \3/p' \> conftest.nm
configure:5502: $? = 0
configure:5554: gcc -o conftest -g -O2   conftest.c conftstm.o >&5
configure:5557: $? = 0
configure:5595: result: ok
configure:5599: checking for objdir
configure:5614: result: .libs
configure:5704: checking for ar
configure:5720: found /usr/bin/ar
configure:5731: result: ar
configure:5784: checking for ranlib
configure:5800: found /usr/bin/ranlib
configure:5811: result: ranlib
configure:5864: checking for strip
configure:5880: found /usr/bin/strip
configure:5891: result: strip
configure:6153: checking if gcc static flag  works
configure:6176: result: yes
configure:6194: checking if gcc supports -fno-rtti -fno-exceptions
configure:6212: gcc -c -g -O2  -fno-rtti -fno-exceptions conftest.c >&5
cc1: warning: command line option '-fno-rtti' is valid for C++/ObjC++ but not for C [enabled by default]
configure:6216: $? = 0
configure:6227: result: no
configure:6242: checking for gcc option to produce PIC
configure:6419: result: -fPIC
configure:6427: checking if gcc PIC flag -fPIC works
configure:6445: gcc -c -g -O2  -fPIC -DPIC conftest.c >&5
configure:6449: $? = 0
configure:6460: result: yes
configure:6484: checking if gcc supports -c -o file.o
configure:6505: gcc -c -g -O2  -o out/conftest2.o conftest.c >&5
configure:6509: $? = 0
configure:6529: result: yes
configure:6555: checking whether the gcc linker (/usr/bin/ld -m elf_x86_64) supports shared libraries
configure:7403: result: yes
configure:7429: checking whether -lc should be explicitly linked in
configure:7434: gcc -c -g -O2  conftest.c >&5
configure:7437: $? = 0
configure:7451: gcc -shared conftest.o  -v -Wl,-soname -Wl,conftest -o conftest 2\>\&1 \| grep  -lc  \>/dev/null 2\>\&1
configure:7454: $? = 0
configure:7466: result: no
configure:7474: checking dynamic linker characteristics
configure:7840: gcc -c -g -O2  conftest.c >&5
configure:7843: $? = 0
configure:8035: result: GNU/Linux ld.so
configure:8039: checking how to hardcode library paths into programs
configure:8064: result: immediate
configure:8078: checking whether stripping libraries is possible
configure:8083: result: yes
configure:8913: checking if libtool supports shared libraries
configure:8915: result: yes
configure:8918: checking whether to build shared libraries
configure:8976: result: yes
configure:8979: checking whether to build static libraries
configure:8983: result: yes
configure:9075: creating libtool
configure:9622: checking for ld used by g++
configure:9689: result: /usr/bin/ld -m elf_x86_64
configure:9698: checking if the linker (/usr/bin/ld -m elf_x86_64) is GNU ld
configure:9713: result: yes
configure:9764: checking whether the g++ linker (/usr/bin/ld -m elf_x86_64) supports shared libraries
configure:10592: result: yes
configure:10610: g++ -c -g -O2  conftest.cc >&5
configure:10613: $? = 0
configure:10709: checking for g++ option to produce PIC
configure:10961: result: -fPIC
configure:10969: checking if g++ PIC flag -fPIC works
configure:10987: g++ -c -g -O2  -fPIC -DPIC conftest.cc >&5
configure:10991: $? = 0
configure:11002: result: yes
configure:11026: checking if g++ supports -c -o file.o
configure:11047: g++ -c -g -O2  -o out/conftest2.o conftest.cc >&5
configure:11051: $? = 0
configure:11071: result: yes
configure:11097: checking whether the g++ linker (/usr/bin/ld -m elf_x86_64) supports shared libraries
configure:11122: result: yes
configure:11193: checking dynamic linker characteristics
configure:11559: g++ -c -g -O2  conftest.cc >&5
configure:11562: $? = 0
configure:11754: result: GNU/Linux ld.so
configure:11758: checking how to hardcode library paths into programs
configure:11783: result: immediate
configure:11797: checking whether stripping libraries is possible
configure:11802: result: yes
configure:19123: checking for ANSI C header files
configure:19279: result: yes
configure:19304: checking alloca.h usability
configure:19316: gcc -c -g -O2  conftest.c >&5
configure:19322: $? = 0
configure:19326: test -z 
			 || test ! -s conftest.err
configure:19329: $? = 0
configure:19332: test -s conftest.o
configure:19335: $? = 0
configure:19345: result: yes
configure:19349: checking alloca.h presence
configure:19359: gcc -E  conftest.c
configure:19365: $? = 0
configure:19385: result: yes
configure:19420: checking for alloca.h
configure:19427: result: yes
configure:19454: checking pwd.h usability
configure:19466: gcc -c -g -O2  conftest.c >&5
configure:19472: $? = 0
configure:19476: test -z 
			 || test ! -s conftest.err
configure:19479: $? = 0
configure:19482: test -s conftest.o
configure:19485: $? = 0
configure:19495: result: yes
configure:19499: checking pwd.h presence
configure:19509: gcc -E  conftest.c
configure:19515: $? = 0
configure:19535: result: yes
configure:19570: checking for pwd.h
configure:19577: result: yes
configure:19599: checking for unistd.h
configure:19604: result: yes
configure:19756: checking for localtime_r
configure:19813: gcc -o conftest -g -O2   conftest.c  >&5
configure:19819: $? = 0
configure:19823: test -z 
			 || test ! -s conftest.err
configure:19826: $? = 0
configure:19829: test -s conftest
configure:19832: $? = 0
configure:19844: result: yes
configure:19756: checking for poll
configure:19813: gcc -o conftest -g -O2   conftest.c  >&5
configure:19819: $? = 0
configure:19823: test -z 
			 || test ! -s conftest.err
configure:19826: $? = 0
configure:19829: test -s conftest
configure:19832: $? = 0
configure:19844: result: yes
configure:19854: checking for library containing nanosleep
configure:19884: gcc -o conftest -g -O2   conftest.c  >&5
configure:19890: $? = 0
configure:19894: test -z 
			 || test ! -s conftest.err
configure:19897: $? = 0
configure:19900: test -s conftest
configure:19903: $? = 0
configure:19973: result: none required
configure:19998: checking sys/socket.h usability
configure:20010: gcc -c -g -O2  conftest.c >&5
configure:20016: $? = 0
configure:20020: test -z 
			 || test ! -s conftest.err
configure:20023: $? = 0
configure:20026: test -s conftest.o
configure:20029: $? = 0
configure:20039: result: yes
configure:20043: checking sys/socket.h presence
configure:20053: gcc -E  conftest.c
configure:20059: $? = 0
configure:20079: result: yes
configure:20114: checking for sys/socket.h
configure:20121: result: yes
configure:20134: checking for socklen_t
configure:20165: gcc -c -g -O2  conftest.c >&5
configure:20171: $? = 0
configure:20175: test -z 
			 || test ! -s conftest.err
configure:20178: $? = 0
configure:20181: test -s conftest.o
configure:20184: $? = 0
configure:20195: result: yes
configure:20209: checking for va_copy
configure:20227: gcc -o conftest -g -O2   conftest.c  >&5
configure:20233: $? = 0
configure:20237: test -z 
			 || test ! -s conftest.err
configure:20240: $? = 0
configure:20243: test -s conftest
configure:20246: $? = 0
configure:20248: result: va_copy
configure:20335: checking sys/select.h usability
configure:20347: gcc -c -g -O2  conftest.c >&5
configure:20353: $? = 0
configure:20357: test -z 
			 || test ! -s conftest.err
configure:20360: $? = 0
configure:20363: test -s conftest.o
configure:20366: $? = 0
configure:20376: result: yes
configure:20380: checking sys/select.h presence
configure:20390: gcc -E  conftest.c
configure:20396: $? = 0
configure:20416: result: yes
configure:20451: checking for sys/select.h
configure:20458: result: yes
configure:20335: checking sys/uio.h usability
configure:20347: gcc -c -g -O2  conftest.c >&5
configure:20353: $? = 0
configure:20357: test -z 
			 || test ! -s conftest.err
configure:20360: $? = 0
configure:20363: test -s conftest.o
configure:20366: $? = 0
configure:20376: result: yes
configure:20380: checking sys/uio.h presence
configure:20390: gcc -E  conftest.c
configure:20396: $? = 0
configure:20416: result: yes
configure:20451: checking for sys/uio.h
configure:20458: result: yes
configure:20481: checking winsock2.h usability
configure:20493: gcc -c -g -O2  conftest.c >&5
conftest.c:73:22: fatal error: winsock2.h: No such file or directory
compilation terminated.
configure:20499: $? = 1
configure: failed program was:
| /* confdefs.h.  */
| 
| #define PACKAGE_NAME "Icecast"
| #define PACKAGE_TARNAME "icecast"
| #define PACKAGE_VERSION "2.3.0.rc1"
| #define PACKAGE_STRING "Icecast 2.3.0.rc1"
| #define PACKAGE_BUGREPORT "icecast@xiph.org"
| #define PACKAGE "icecast"
| #define VERSION "2.3.0.rc1"
| #define STDC_HEADERS 1
| #define HAVE_SYS_TYPES_H 1
| #define HAVE_SYS_STAT_H 1
| #define HAVE_STDLIB_H 1
| #define HAVE_STRING_H 1
| #define HAVE_MEMORY_H 1
| #define HAVE_STRINGS_H 1
| #define HAVE_INTTYPES_H 1
| #define HAVE_STDINT_H 1
| #define HAVE_UNISTD_H 1
| #define HAVE_DLFCN_H 1
| #ifdef __cplusplus
| extern "C" void exit (int) throw ();
| #endif
| #define _GNU_SOURCE 1
| #define STDC_HEADERS 1
| #define HAVE_ALLOCA_H 1
| #define HAVE_PWD_H 1
| #define CHUID 1
| #define HAVE_UNISTD_H 1
| #define CHROOT 1
| #define HAVE_LOCALTIME_R 1
| #define HAVE_POLL 1
| #define HAVE_NANOSLEEP 1
| #define HAVE_SYS_SOCKET_H 1
| #define HAVE_SOCKLEN_T 1
| #define HAVE_SYS_SELECT_H 1
| #define HAVE_SYS_UIO_H 1
| /* end confdefs.h.  */
| #include <stdio.h>
| #if HAVE_SYS_TYPES_H
| # include <sys/types.h>
| #endif
| #if HAVE_SYS_STAT_H
| # include <sys/stat.h>
| #endif
| #if STDC_HEADERS
| # include <stdlib.h>
| # include <stddef.h>
| #else
| # if HAVE_STDLIB_H
| #  include <stdlib.h>
| # endif
| #endif
| #if HAVE_STRING_H
| # if !STDC_HEADERS && HAVE_MEMORY_H
| #  include <memory.h>
| # endif
| # include <string.h>
| #endif
| #if HAVE_STRINGS_H
| # include <strings.h>
| #endif
| #if HAVE_INTTYPES_H
| # include <inttypes.h>
| #else
| # if HAVE_STDINT_H
| #  include <stdint.h>
| # endif
| #endif
| #if HAVE_UNISTD_H
| # include <unistd.h>
| #endif
| #include <winsock2.h>
configure:20522: result: no
configure:20526: checking winsock2.h presence
configure:20536: gcc -E  conftest.c
conftest.c:39:22: fatal error: winsock2.h: No such file or directory
compilation terminated.
configure:20542: $? = 1
configure: failed program was:
| /* confdefs.h.  */
| 
| #define PACKAGE_NAME "Icecast"
| #define PACKAGE_TARNAME "icecast"
| #define PACKAGE_VERSION "2.3.0.rc1"
| #define PACKAGE_STRING "Icecast 2.3.0.rc1"
| #define PACKAGE_BUGREPORT "icecast@xiph.org"
| #define PACKAGE "icecast"
| #define VERSION "2.3.0.rc1"
| #define STDC_HEADERS 1
| #define HAVE_SYS_TYPES_H 1
| #define HAVE_SYS_STAT_H 1
| #define HAVE_STDLIB_H 1
| #define HAVE_STRING_H 1
| #define HAVE_MEMORY_H 1
| #define HAVE_STRINGS_H 1
| #define HAVE_INTTYPES_H 1
| #define HAVE_STDINT_H 1
| #define HAVE_UNISTD_H 1
| #define HAVE_DLFCN_H 1
| #ifdef __cplusplus
| extern "C" void exit (int) throw ();
| #endif
| #define _GNU_SOURCE 1
| #define STDC_HEADERS 1
| #define HAVE_ALLOCA_H 1
| #define HAVE_PWD_H 1
| #define CHUID 1
| #define HAVE_UNISTD_H 1
| #define CHROOT 1
| #define HAVE_LOCALTIME_R 1
| #define HAVE_POLL 1
| #define HAVE_NANOSLEEP 1
| #define HAVE_SYS_SOCKET_H 1
| #define HAVE_SOCKLEN_T 1
| #define HAVE_SYS_SELECT_H 1
| #define HAVE_SYS_UIO_H 1
| /* end confdefs.h.  */
| #include <winsock2.h>
configure:20562: result: no
configure:20597: checking for winsock2.h
configure:20604: result: no
configure:20620: checking for library containing sethostent
configure:20650: gcc -o conftest -g -O2   conftest.c  >&5
configure:20656: $? = 0
configure:20660: test -z 
			 || test ! -s conftest.err
configure:20663: $? = 0
configure:20666: test -s conftest
configure:20669: $? = 0
configure:20739: result: none required
configure:20750: checking for library containing getnameinfo
configure:20780: gcc -o conftest -g -O2   conftest.c  >&5
configure:20786: $? = 0
configure:20790: test -z 
			 || test ! -s conftest.err
configure:20793: $? = 0
configure:20796: test -s conftest
configure:20799: $? = 0
configure:20869: result: none required
configure:20887: checking for endhostent
configure:20944: gcc -o conftest -g -O2   conftest.c  >&5
configure:20950: $? = 0
configure:20954: test -z 
			 || test ! -s conftest.err
configure:20957: $? = 0
configure:20960: test -s conftest
configure:20963: $? = 0
configure:20975: result: yes
configure:20887: checking for getaddrinfo
configure:20944: gcc -o conftest -g -O2   conftest.c  >&5
configure:20950: $? = 0
configure:20954: test -z 
			 || test ! -s conftest.err
configure:20957: $? = 0
configure:20960: test -s conftest
configure:20963: $? = 0
configure:20975: result: yes
configure:20887: checking for inet_aton
configure:20944: gcc -o conftest -g -O2   conftest.c  >&5
configure:20950: $? = 0
configure:20954: test -z 
			 || test ! -s conftest.err
configure:20957: $? = 0
configure:20960: test -s conftest
configure:20963: $? = 0
configure:20975: result: yes
configure:20887: checking for writev
configure:20944: gcc -o conftest -g -O2   conftest.c  >&5
configure:20950: $? = 0
configure:20954: test -z 
			 || test ! -s conftest.err
configure:20957: $? = 0
configure:20960: test -s conftest
configure:20963: $? = 0
configure:20975: result: yes
configure:20987: checking for struct sockaddr_storage.ss_family
configure:21012: gcc -c -g -O2  conftest.c >&5
configure:21018: $? = 0
configure:21022: test -z 
			 || test ! -s conftest.err
configure:21025: $? = 0
configure:21028: test -s conftest.o
configure:21031: $? = 0
configure:21090: result: yes
configure:21102: checking for inet_pton
configure:21159: gcc -o conftest -g -O2   conftest.c  >&5
configure:21165: $? = 0
configure:21169: test -z 
			 || test ! -s conftest.err
configure:21172: $? = 0
configure:21175: test -s conftest
configure:21178: $? = 0
configure:21190: result: yes
configure:21216: checking for xslt-config
configure:21234: found /usr/bin/xslt-config
configure:21246: result: /usr/bin/xslt-config
configure:21279: checking for xsltSaveResultToString
configure:21336: gcc -o conftest -g -O2 -I/usr/include/libxml2   conftest.c -L/usr/lib -lxslt -lxml2  >&5
configure:21342: $? = 0
configure:21346: test -z 
			 || test ! -s conftest.err
configure:21349: $? = 0
configure:21352: test -s conftest
configure:21355: $? = 0
configure:21367: result: yes
configure:21380: checking for fgrep
configure:21390: result: grep -F
configure:21464: gcc -c -Werror -I/usr/local/include  conftest.c >&5
configure:21470: $? = 0
configure:21474: test -z 
			 || test ! -s conftest.err
configure:21477: $? = 0
configure:21480: test -s conftest.o
configure:21483: $? = 0
configure:21504: checking for libogg
configure:21543: gcc -o conftest -g -O2 -I/usr/local/include   -L/usr/local/lib conftest.c  -logg >&5
configure:21549: $? = 0
configure:21553: test -z 
			 || test ! -s conftest.err
configure:21556: $? = 0
configure:21559: test -s conftest
configure:21562: $? = 0
configure:21624: result: ok
configure:21741: checking for libvorbis
configure:21766: gcc -o conftest -g -O2  -I/usr/local/include  -L/usr/local/lib conftest.c  -lvorbis >&5
/tmp/ccgyp9YE.o: In function `main':
/home/hayden/wahoo-home/kitsune/dev/examples/icecast/icecast-2.3.0.rc1/conftest.c:60: undefined reference to `ogg_stream_init'
collect2: ld returned 1 exit status
configure:21772: $? = 1
configure: failed program was:
| /* confdefs.h.  */
| 
| #define PACKAGE_NAME "Icecast"
| #define PACKAGE_TARNAME "icecast"
| #define PACKAGE_VERSION "2.3.0.rc1"
| #define PACKAGE_STRING "Icecast 2.3.0.rc1"
| #define PACKAGE_BUGREPORT "icecast@xiph.org"
| #define PACKAGE "icecast"
| #define VERSION "2.3.0.rc1"
| #define STDC_HEADERS 1
| #define HAVE_SYS_TYPES_H 1
| #define HAVE_SYS_STAT_H 1
| #define HAVE_STDLIB_H 1
| #define HAVE_STRING_H 1
| #define HAVE_MEMORY_H 1
| #define HAVE_STRINGS_H 1
| #define HAVE_INTTYPES_H 1
| #define HAVE_STDINT_H 1
| #define HAVE_UNISTD_H 1
| #define HAVE_DLFCN_H 1
| #ifdef __cplusplus
| extern "C" void exit (int) throw ();
| #endif
| #define _GNU_SOURCE 1
| #define STDC_HEADERS 1
| #define HAVE_ALLOCA_H 1
| #define HAVE_PWD_H 1
| #define CHUID 1
| #define HAVE_UNISTD_H 1
| #define CHROOT 1
| #define HAVE_LOCALTIME_R 1
| #define HAVE_POLL 1
| #define HAVE_NANOSLEEP 1
| #define HAVE_SYS_SOCKET_H 1
| #define HAVE_SOCKLEN_T 1
| #define HAVE_SYS_SELECT_H 1
| #define HAVE_SYS_UIO_H 1
| #define HAVE_SETHOSTENT 1
| #define HAVE_GETNAMEINFO 1
| #define HAVE_ENDHOSTENT 1
| #define HAVE_GETADDRINFO 1
| #define HAVE_INET_ATON 1
| #define HAVE_WRITEV 1
| #define HAVE_STRUCT_SOCKADDR_STORAGE_SS_FAMILY 1
| #define HAVE_INET_PTON 1
| #define HAVE_XSLTSAVERESULTTOSTRING 1
| #define HAVE_OGG 1
| /* end confdefs.h.  */
| 
| /* Override any gcc2 internal prototype to avoid an error.  */
| #ifdef __cplusplus
| extern "C"
| #endif
| /* We use char because int might match the return type of a gcc2
|    builtin and then its argument prototype would still apply.  */
| char ogg_stream_init ();
| int
| main ()
| {
| ogg_stream_init ();
|   ;
|   return 0;
| }
configure:21816: gcc -o conftest -g -O2  -I/usr/local/include  -L/usr/local/lib conftest.c  -lvorbis -logg -lm >&5
configure:21822: $? = 0
configure:21826: test -z 
			 || test ! -s conftest.err
configure:21829: $? = 0
configure:21832: test -s conftest
configure:21835: $? = 0
configure:21851: result: ok
configure:21857: checking for struct ovectl_ratemanage_arg
configure:21885: gcc -c -g -O2  -I/usr/local/include conftest.c >&5
configure:21891: $? = 0
configure:21895: test -z 
			 || test ! -s conftest.err
configure:21898: $? = 0
configure:21901: test -s conftest.o
configure:21904: $? = 0
configure:21915: result: yes
configure:22095: checking for libtheora
configure:22120: gcc -o conftest -g -O2   -L/usr/local/lib conftest.c  -ltheora -logg >&5
/usr/bin/ld: cannot find -ltheora
collect2: ld returned 1 exit status
configure:22126: $? = 1
configure: failed program was:
| /* confdefs.h.  */
| 
| #define PACKAGE_NAME "Icecast"
| #define PACKAGE_TARNAME "icecast"
| #define PACKAGE_VERSION "2.3.0.rc1"
| #define PACKAGE_STRING "Icecast 2.3.0.rc1"
| #define PACKAGE_BUGREPORT "icecast@xiph.org"
| #define PACKAGE "icecast"
| #define VERSION "2.3.0.rc1"
| #define STDC_HEADERS 1
| #define HAVE_SYS_TYPES_H 1
| #define HAVE_SYS_STAT_H 1
| #define HAVE_STDLIB_H 1
| #define HAVE_STRING_H 1
| #define HAVE_MEMORY_H 1
| #define HAVE_STRINGS_H 1
| #define HAVE_INTTYPES_H 1
| #define HAVE_STDINT_H 1
| #define HAVE_UNISTD_H 1
| #define HAVE_DLFCN_H 1
| #ifdef __cplusplus
| extern "C" void exit (int) throw ();
| #endif
| #define _GNU_SOURCE 1
| #define STDC_HEADERS 1
| #define HAVE_ALLOCA_H 1
| #define HAVE_PWD_H 1
| #define CHUID 1
| #define HAVE_UNISTD_H 1
| #define CHROOT 1
| #define HAVE_LOCALTIME_R 1
| #define HAVE_POLL 1
| #define HAVE_NANOSLEEP 1
| #define HAVE_SYS_SOCKET_H 1
| #define HAVE_SOCKLEN_T 1
| #define HAVE_SYS_SELECT_H 1
| #define HAVE_SYS_UIO_H 1
| #define HAVE_SETHOSTENT 1
| #define HAVE_GETNAMEINFO 1
| #define HAVE_ENDHOSTENT 1
| #define HAVE_GETADDRINFO 1
| #define HAVE_INET_ATON 1
| #define HAVE_WRITEV 1
| #define HAVE_STRUCT_SOCKADDR_STORAGE_SS_FAMILY 1
| #define HAVE_INET_PTON 1
| #define HAVE_XSLTSAVERESULTTOSTRING 1
| #define HAVE_OGG 1
| #define HAVE_STRUCT_OVECTL_RATEMANAGE_ARG 1
| /* end confdefs.h.  */
| 
| /* Override any gcc2 internal prototype to avoid an error.  */
| #ifdef __cplusplus
| extern "C"
| #endif
| /* We use char because int might match the return type of a gcc2
|    builtin and then its argument prototype would still apply.  */
| char theora_decode_header ();
| int
| main ()
| {
| theora_decode_header ();
|   ;
|   return 0;
| }
configure:22173: gcc -o conftest -g -O2   -L/usr/local/lib conftest.c  -ltheora -logg >&5
/usr/bin/ld: cannot find -ltheora
collect2: ld returned 1 exit status
configure:22179: $? = 1
configure: failed program was:
| /* confdefs.h.  */
| 
| #define PACKAGE_NAME "Icecast"
| #define PACKAGE_TARNAME "icecast"
| #define PACKAGE_VERSION "2.3.0.rc1"
| #define PACKAGE_STRING "Icecast 2.3.0.rc1"
| #define PACKAGE_BUGREPORT "icecast@xiph.org"
| #define PACKAGE "icecast"
| #define VERSION "2.3.0.rc1"
| #define STDC_HEADERS 1
| #define HAVE_SYS_TYPES_H 1
| #define HAVE_SYS_STAT_H 1
| #define HAVE_STDLIB_H 1
| #define HAVE_STRING_H 1
| #define HAVE_MEMORY_H 1
| #define HAVE_STRINGS_H 1
| #define HAVE_INTTYPES_H 1
| #define HAVE_STDINT_H 1
| #define HAVE_UNISTD_H 1
| #define HAVE_DLFCN_H 1
| #ifdef __cplusplus
| extern "C" void exit (int) throw ();
| #endif
| #define _GNU_SOURCE 1
| #define STDC_HEADERS 1
| #define HAVE_ALLOCA_H 1
| #define HAVE_PWD_H 1
| #define CHUID 1
| #define HAVE_UNISTD_H 1
| #define CHROOT 1
| #define HAVE_LOCALTIME_R 1
| #define HAVE_POLL 1
| #define HAVE_NANOSLEEP 1
| #define HAVE_SYS_SOCKET_H 1
| #define HAVE_SOCKLEN_T 1
| #define HAVE_SYS_SELECT_H 1
| #define HAVE_SYS_UIO_H 1
| #define HAVE_SETHOSTENT 1
| #define HAVE_GETNAMEINFO 1
| #define HAVE_ENDHOSTENT 1
| #define HAVE_GETADDRINFO 1
| #define HAVE_INET_ATON 1
| #define HAVE_WRITEV 1
| #define HAVE_STRUCT_SOCKADDR_STORAGE_SS_FAMILY 1
| #define HAVE_INET_PTON 1
| #define HAVE_XSLTSAVERESULTTOSTRING 1
| #define HAVE_OGG 1
| #define HAVE_STRUCT_OVECTL_RATEMANAGE_ARG 1
| /* end confdefs.h.  */
| 
| /* Override any gcc2 internal prototype to avoid an error.  */
| #ifdef __cplusplus
| extern "C"
| #endif
| /* We use char because int might match the return type of a gcc2
|    builtin and then its argument prototype would still apply.  */
| char theora_packet_isheader ();
| int
| main ()
| {
| theora_packet_isheader ();
|   ;
|   return 0;
| }
configure:22263: result: newer version required
configure:22265: WARNING: Theora disabled!
configure:22375: checking for libspeex
configure:22400: gcc -o conftest -g -O2   -L/usr/local/lib conftest.c  -lspeex >&5
/usr/bin/ld: cannot find -lspeex
collect2: ld returned 1 exit status
configure:22406: $? = 1
configure: failed program was:
| /* confdefs.h.  */
| 
| #define PACKAGE_NAME "Icecast"
| #define PACKAGE_TARNAME "icecast"
| #define PACKAGE_VERSION "2.3.0.rc1"
| #define PACKAGE_STRING "Icecast 2.3.0.rc1"
| #define PACKAGE_BUGREPORT "icecast@xiph.org"
| #define PACKAGE "icecast"
| #define VERSION "2.3.0.rc1"
| #define STDC_HEADERS 1
| #define HAVE_SYS_TYPES_H 1
| #define HAVE_SYS_STAT_H 1
| #define HAVE_STDLIB_H 1
| #define HAVE_STRING_H 1
| #define HAVE_MEMORY_H 1
| #define HAVE_STRINGS_H 1
| #define HAVE_INTTYPES_H 1
| #define HAVE_STDINT_H 1
| #define HAVE_UNISTD_H 1
| #define HAVE_DLFCN_H 1
| #ifdef __cplusplus
| extern "C" void exit (int) throw ();
| #endif
| #define _GNU_SOURCE 1
| #define STDC_HEADERS 1
| #define HAVE_ALLOCA_H 1
| #define HAVE_PWD_H 1
| #define CHUID 1
| #define HAVE_UNISTD_H 1
| #define CHROOT 1
| #define HAVE_LOCALTIME_R 1
| #define HAVE_POLL 1
| #define HAVE_NANOSLEEP 1
| #define HAVE_SYS_SOCKET_H 1
| #define HAVE_SOCKLEN_T 1
| #define HAVE_SYS_SELECT_H 1
| #define HAVE_SYS_UIO_H 1
| #define HAVE_SETHOSTENT 1
| #define HAVE_GETNAMEINFO 1
| #define HAVE_ENDHOSTENT 1
| #define HAVE_GETADDRINFO 1
| #define HAVE_INET_ATON 1
| #define HAVE_WRITEV 1
| #define HAVE_STRUCT_SOCKADDR_STORAGE_SS_FAMILY 1
| #define HAVE_INET_PTON 1
| #define HAVE_XSLTSAVERESULTTOSTRING 1
| #define HAVE_OGG 1
| #define HAVE_STRUCT_OVECTL_RATEMANAGE_ARG 1
| /* end confdefs.h.  */
| 
| /* Override any gcc2 internal prototype to avoid an error.  */
| #ifdef __cplusplus
| extern "C"
| #endif
| /* We use char because int might match the return type of a gcc2
|    builtin and then its argument prototype would still apply.  */
| char ogg_stream_init ();
| int
| main ()
| {
| ogg_stream_init ();
|   ;
|   return 0;
| }
configure:22451: gcc -o conftest -g -O2   -L/usr/local/lib conftest.c  -lspeex -logg >&5
/usr/bin/ld: cannot find -lspeex
collect2: ld returned 1 exit status
configure:22457: $? = 1
configure: failed program was:
| /* confdefs.h.  */
| 
| #define PACKAGE_NAME "Icecast"
| #define PACKAGE_TARNAME "icecast"
| #define PACKAGE_VERSION "2.3.0.rc1"
| #define PACKAGE_STRING "Icecast 2.3.0.rc1"
| #define PACKAGE_BUGREPORT "icecast@xiph.org"
| #define PACKAGE "icecast"
| #define VERSION "2.3.0.rc1"
| #define STDC_HEADERS 1
| #define HAVE_SYS_TYPES_H 1
| #define HAVE_SYS_STAT_H 1
| #define HAVE_STDLIB_H 1
| #define HAVE_STRING_H 1
| #define HAVE_MEMORY_H 1
| #define HAVE_STRINGS_H 1
| #define HAVE_INTTYPES_H 1
| #define HAVE_STDINT_H 1
| #define HAVE_UNISTD_H 1
| #define HAVE_DLFCN_H 1
| #ifdef __cplusplus
| extern "C" void exit (int) throw ();
| #endif
| #define _GNU_SOURCE 1
| #define STDC_HEADERS 1
| #define HAVE_ALLOCA_H 1
| #define HAVE_PWD_H 1
| #define CHUID 1
| #define HAVE_UNISTD_H 1
| #define CHROOT 1
| #define HAVE_LOCALTIME_R 1
| #define HAVE_POLL 1
| #define HAVE_NANOSLEEP 1
| #define HAVE_SYS_SOCKET_H 1
| #define HAVE_SOCKLEN_T 1
| #define HAVE_SYS_SELECT_H 1
| #define HAVE_SYS_UIO_H 1
| #define HAVE_SETHOSTENT 1
| #define HAVE_GETNAMEINFO 1
| #define HAVE_ENDHOSTENT 1
| #define HAVE_GETADDRINFO 1
| #define HAVE_INET_ATON 1
| #define HAVE_WRITEV 1
| #define HAVE_STRUCT_SOCKADDR_STORAGE_SS_FAMILY 1
| #define HAVE_INET_PTON 1
| #define HAVE_XSLTSAVERESULTTOSTRING 1
| #define HAVE_OGG 1
| #define HAVE_STRUCT_OVECTL_RATEMANAGE_ARG 1
| /* end confdefs.h.  */
| 
| /* Override any gcc2 internal prototype to avoid an error.  */
| #ifdef __cplusplus
| extern "C"
| #endif
| /* We use char because int might match the return type of a gcc2
|    builtin and then its argument prototype would still apply.  */
| char ogg_stream_init ();
| int
| main ()
| {
| ogg_stream_init ();
|   ;
|   return 0;
| }
configure:22590: WARNING: Speex support disabled!
configure:22795: checking for the pthreads library -lpthreads
configure:22833: gcc -o conftest -g -O2    conftest.c -lpthreads  >&5
/usr/bin/ld: cannot find -lpthreads
collect2: ld returned 1 exit status
configure:22839: $? = 1
configure: failed program was:
| /* confdefs.h.  */
| 
| #define PACKAGE_NAME "Icecast"
| #define PACKAGE_TARNAME "icecast"
| #define PACKAGE_VERSION "2.3.0.rc1"
| #define PACKAGE_STRING "Icecast 2.3.0.rc1"
| #define PACKAGE_BUGREPORT "icecast@xiph.org"
| #define PACKAGE "icecast"
| #define VERSION "2.3.0.rc1"
| #define STDC_HEADERS 1
| #define HAVE_SYS_TYPES_H 1
| #define HAVE_SYS_STAT_H 1
| #define HAVE_STDLIB_H 1
| #define HAVE_STRING_H 1
| #define HAVE_MEMORY_H 1
| #define HAVE_STRINGS_H 1
| #define HAVE_INTTYPES_H 1
| #define HAVE_STDINT_H 1
| #define HAVE_UNISTD_H 1
| #define HAVE_DLFCN_H 1
| #ifdef __cplusplus
| extern "C" void exit (int) throw ();
| #endif
| #define _GNU_SOURCE 1
| #define STDC_HEADERS 1
| #define HAVE_ALLOCA_H 1
| #define HAVE_PWD_H 1
| #define CHUID 1
| #define HAVE_UNISTD_H 1
| #define CHROOT 1
| #define HAVE_LOCALTIME_R 1
| #define HAVE_POLL 1
| #define HAVE_NANOSLEEP 1
| #define HAVE_SYS_SOCKET_H 1
| #define HAVE_SOCKLEN_T 1
| #define HAVE_SYS_SELECT_H 1
| #define HAVE_SYS_UIO_H 1
| #define HAVE_SETHOSTENT 1
| #define HAVE_GETNAMEINFO 1
| #define HAVE_ENDHOSTENT 1
| #define HAVE_GETADDRINFO 1
| #define HAVE_INET_ATON 1
| #define HAVE_WRITEV 1
| #define HAVE_STRUCT_SOCKADDR_STORAGE_SS_FAMILY 1
| #define HAVE_INET_PTON 1
| #define HAVE_XSLTSAVERESULTTOSTRING 1
| #define HAVE_OGG 1
| #define HAVE_STRUCT_OVECTL_RATEMANAGE_ARG 1
| /* end confdefs.h.  */
| #include <pthread.h>
| int
| main ()
| {
| pthread_t th; pthread_join(th, 0);
|                      pthread_attr_init(0); pthread_cleanup_push(0, 0);
|                      pthread_create(0,0,0,0); pthread_cleanup_pop(0);
|   ;
|   return 0;
| }
configure:22866: result: no
configure:22742: checking whether pthreads work without any flags
configure:22833: gcc -o conftest -g -O2    conftest.c   >&5
/tmp/ccB2uEjs.o: In function `main':
/home/hayden/wahoo-home/kitsune/dev/examples/icecast/icecast-2.3.0.rc1/conftest.c:54: undefined reference to `pthread_join'
/home/hayden/wahoo-home/kitsune/dev/examples/icecast/icecast-2.3.0.rc1/conftest.c:55: undefined reference to `__pthread_register_cancel'
/home/hayden/wahoo-home/kitsune/dev/examples/icecast/icecast-2.3.0.rc1/conftest.c:56: undefined reference to `pthread_create'
/home/hayden/wahoo-home/kitsune/dev/examples/icecast/icecast-2.3.0.rc1/conftest.c:56: undefined reference to `__pthread_unregister_cancel'
collect2: ld returned 1 exit status
configure:22839: $? = 1
configure: failed program was:
| /* confdefs.h.  */
| 
| #define PACKAGE_NAME "Icecast"
| #define PACKAGE_TARNAME "icecast"
| #define PACKAGE_VERSION "2.3.0.rc1"
| #define PACKAGE_STRING "Icecast 2.3.0.rc1"
| #define PACKAGE_BUGREPORT "icecast@xiph.org"
| #define PACKAGE "icecast"
| #define VERSION "2.3.0.rc1"
| #define STDC_HEADERS 1
| #define HAVE_SYS_TYPES_H 1
| #define HAVE_SYS_STAT_H 1
| #define HAVE_STDLIB_H 1
| #define HAVE_STRING_H 1
| #define HAVE_MEMORY_H 1
| #define HAVE_STRINGS_H 1
| #define HAVE_INTTYPES_H 1
| #define HAVE_STDINT_H 1
| #define HAVE_UNISTD_H 1
| #define HAVE_DLFCN_H 1
| #ifdef __cplusplus
| extern "C" void exit (int) throw ();
| #endif
| #define _GNU_SOURCE 1
| #define STDC_HEADERS 1
| #define HAVE_ALLOCA_H 1
| #define HAVE_PWD_H 1
| #define CHUID 1
| #define HAVE_UNISTD_H 1
| #define CHROOT 1
| #define HAVE_LOCALTIME_R 1
| #define HAVE_POLL 1
| #define HAVE_NANOSLEEP 1
| #define HAVE_SYS_SOCKET_H 1
| #define HAVE_SOCKLEN_T 1
| #define HAVE_SYS_SELECT_H 1
| #define HAVE_SYS_UIO_H 1
| #define HAVE_SETHOSTENT 1
| #define HAVE_GETNAMEINFO 1
| #define HAVE_ENDHOSTENT 1
| #define HAVE_GETADDRINFO 1
| #define HAVE_INET_ATON 1
| #define HAVE_WRITEV 1
| #define HAVE_STRUCT_SOCKADDR_STORAGE_SS_FAMILY 1
| #define HAVE_INET_PTON 1
| #define HAVE_XSLTSAVERESULTTOSTRING 1
| #define HAVE_OGG 1
| #define HAVE_STRUCT_OVECTL_RATEMANAGE_ARG 1
| /* end confdefs.h.  */
| #include <pthread.h>
| int
| main ()
| {
| pthread_t th; pthread_join(th, 0);
|                      pthread_attr_init(0); pthread_cleanup_push(0, 0);
|                      pthread_create(0,0,0,0); pthread_cleanup_pop(0);
|   ;
|   return 0;
| }
configure:22866: result: no
configure:22747: checking whether pthreads work with -Kthread
configure:22833: gcc -o conftest -g -O2 -Kthread   conftest.c   >&5
gcc: error: unrecognized option '-Kthread'
configure:22839: $? = 1
configure: failed program was:
| /* confdefs.h.  */
| 
| #define PACKAGE_NAME "Icecast"
| #define PACKAGE_TARNAME "icecast"
| #define PACKAGE_VERSION "2.3.0.rc1"
| #define PACKAGE_STRING "Icecast 2.3.0.rc1"
| #define PACKAGE_BUGREPORT "icecast@xiph.org"
| #define PACKAGE "icecast"
| #define VERSION "2.3.0.rc1"
| #define STDC_HEADERS 1
| #define HAVE_SYS_TYPES_H 1
| #define HAVE_SYS_STAT_H 1
| #define HAVE_STDLIB_H 1
| #define HAVE_STRING_H 1
| #define HAVE_MEMORY_H 1
| #define HAVE_STRINGS_H 1
| #define HAVE_INTTYPES_H 1
| #define HAVE_STDINT_H 1
| #define HAVE_UNISTD_H 1
| #define HAVE_DLFCN_H 1
| #ifdef __cplusplus
| extern "C" void exit (int) throw ();
| #endif
| #define _GNU_SOURCE 1
| #define STDC_HEADERS 1
| #define HAVE_ALLOCA_H 1
| #define HAVE_PWD_H 1
| #define CHUID 1
| #define HAVE_UNISTD_H 1
| #define CHROOT 1
| #define HAVE_LOCALTIME_R 1
| #define HAVE_POLL 1
| #define HAVE_NANOSLEEP 1
| #define HAVE_SYS_SOCKET_H 1
| #define HAVE_SOCKLEN_T 1
| #define HAVE_SYS_SELECT_H 1
| #define HAVE_SYS_UIO_H 1
| #define HAVE_SETHOSTENT 1
| #define HAVE_GETNAMEINFO 1
| #define HAVE_ENDHOSTENT 1
| #define HAVE_GETADDRINFO 1
| #define HAVE_INET_ATON 1
| #define HAVE_WRITEV 1
| #define HAVE_STRUCT_SOCKADDR_STORAGE_SS_FAMILY 1
| #define HAVE_INET_PTON 1
| #define HAVE_XSLTSAVERESULTTOSTRING 1
| #define HAVE_OGG 1
| #define HAVE_STRUCT_OVECTL_RATEMANAGE_ARG 1
| /* end confdefs.h.  */
| #include <pthread.h>
| int
| main ()
| {
| pthread_t th; pthread_join(th, 0);
|                      pthread_attr_init(0); pthread_cleanup_push(0, 0);
|                      pthread_create(0,0,0,0); pthread_cleanup_pop(0);
|   ;
|   return 0;
| }
configure:22866: result: no
configure:22747: checking whether pthreads work with -kthread
configure:22833: gcc -o conftest -g -O2 -kthread   conftest.c   >&5
gcc: error: unrecognized option '-kthread'
configure:22839: $? = 1
configure: failed program was:
| /* confdefs.h.  */
| 
| #define PACKAGE_NAME "Icecast"
| #define PACKAGE_TARNAME "icecast"
| #define PACKAGE_VERSION "2.3.0.rc1"
| #define PACKAGE_STRING "Icecast 2.3.0.rc1"
| #define PACKAGE_BUGREPORT "icecast@xiph.org"
| #define PACKAGE "icecast"
| #define VERSION "2.3.0.rc1"
| #define STDC_HEADERS 1
| #define HAVE_SYS_TYPES_H 1
| #define HAVE_SYS_STAT_H 1
| #define HAVE_STDLIB_H 1
| #define HAVE_STRING_H 1
| #define HAVE_MEMORY_H 1
| #define HAVE_STRINGS_H 1
| #define HAVE_INTTYPES_H 1
| #define HAVE_STDINT_H 1
| #define HAVE_UNISTD_H 1
| #define HAVE_DLFCN_H 1
| #ifdef __cplusplus
| extern "C" void exit (int) throw ();
| #endif
| #define _GNU_SOURCE 1
| #define STDC_HEADERS 1
| #define HAVE_ALLOCA_H 1
| #define HAVE_PWD_H 1
| #define CHUID 1
| #define HAVE_UNISTD_H 1
| #define CHROOT 1
| #define HAVE_LOCALTIME_R 1
| #define HAVE_POLL 1
| #define HAVE_NANOSLEEP 1
| #define HAVE_SYS_SOCKET_H 1
| #define HAVE_SOCKLEN_T 1
| #define HAVE_SYS_SELECT_H 1
| #define HAVE_SYS_UIO_H 1
| #define HAVE_SETHOSTENT 1
| #define HAVE_GETNAMEINFO 1
| #define HAVE_ENDHOSTENT 1
| #define HAVE_GETADDRINFO 1
| #define HAVE_INET_ATON 1
| #define HAVE_WRITEV 1
| #define HAVE_STRUCT_SOCKADDR_STORAGE_SS_FAMILY 1
| #define HAVE_INET_PTON 1
| #define HAVE_XSLTSAVERESULTTOSTRING 1
| #define HAVE_OGG 1
| #define HAVE_STRUCT_OVECTL_RATEMANAGE_ARG 1
| /* end confdefs.h.  */
| #include <pthread.h>
| int
| main ()
| {
| pthread_t th; pthread_join(th, 0);
|                      pthread_attr_init(0); pthread_cleanup_push(0, 0);
|                      pthread_create(0,0,0,0); pthread_cleanup_pop(0);
|   ;
|   return 0;
| }
configure:22866: result: no
configure:22795: checking for the pthreads library -llthread
configure:22833: gcc -o conftest -g -O2    conftest.c -llthread  >&5
/usr/bin/ld: cannot find -llthread
collect2: ld returned 1 exit status
configure:22839: $? = 1
configure: failed program was:
| /* confdefs.h.  */
| 
| #define PACKAGE_NAME "Icecast"
| #define PACKAGE_TARNAME "icecast"
| #define PACKAGE_VERSION "2.3.0.rc1"
| #define PACKAGE_STRING "Icecast 2.3.0.rc1"
| #define PACKAGE_BUGREPORT "icecast@xiph.org"
| #define PACKAGE "icecast"
| #define VERSION "2.3.0.rc1"
| #define STDC_HEADERS 1
| #define HAVE_SYS_TYPES_H 1
| #define HAVE_SYS_STAT_H 1
| #define HAVE_STDLIB_H 1
| #define HAVE_STRING_H 1
| #define HAVE_MEMORY_H 1
| #define HAVE_STRINGS_H 1
| #define HAVE_INTTYPES_H 1
| #define HAVE_STDINT_H 1
| #define HAVE_UNISTD_H 1
| #define HAVE_DLFCN_H 1
| #ifdef __cplusplus
| extern "C" void exit (int) throw ();
| #endif
| #define _GNU_SOURCE 1
| #define STDC_HEADERS 1
| #define HAVE_ALLOCA_H 1
| #define HAVE_PWD_H 1
| #define CHUID 1
| #define HAVE_UNISTD_H 1
| #define CHROOT 1
| #define HAVE_LOCALTIME_R 1
| #define HAVE_POLL 1
| #define HAVE_NANOSLEEP 1
| #define HAVE_SYS_SOCKET_H 1
| #define HAVE_SOCKLEN_T 1
| #define HAVE_SYS_SELECT_H 1
| #define HAVE_SYS_UIO_H 1
| #define HAVE_SETHOSTENT 1
| #define HAVE_GETNAMEINFO 1
| #define HAVE_ENDHOSTENT 1
| #define HAVE_GETADDRINFO 1
| #define HAVE_INET_ATON 1
| #define HAVE_WRITEV 1
| #define HAVE_STRUCT_SOCKADDR_STORAGE_SS_FAMILY 1
| #define HAVE_INET_PTON 1
| #define HAVE_XSLTSAVERESULTTOSTRING 1
| #define HAVE_OGG 1
| #define HAVE_STRUCT_OVECTL_RATEMANAGE_ARG 1
| /* end confdefs.h.  */
| #include <pthread.h>
| int
| main ()
| {
| pthread_t th; pthread_join(th, 0);
|                      pthread_attr_init(0); pthread_cleanup_push(0, 0);
|                      pthread_create(0,0,0,0); pthread_cleanup_pop(0);
|   ;
|   return 0;
| }
configure:22866: result: no
configure:22747: checking whether pthreads work with -pthread
configure:22833: gcc -o conftest -g -O2 -pthread   conftest.c   >&5
configure:22839: $? = 0
configure:22843: test -z 
			 || test ! -s conftest.err
configure:22846: $? = 0
configure:22849: test -s conftest
configure:22852: $? = 0
configure:22866: result: yes
configure:22885: checking for joinable pthread attribute
configure:22905: gcc -o conftest -g -O2 -pthread   conftest.c   >&5
configure:22911: $? = 0
configure:22915: test -z 
			 || test ! -s conftest.err
configure:22918: $? = 0
configure:22921: test -s conftest
configure:22924: $? = 0
configure:22935: result: PTHREAD_CREATE_JOINABLE
configure:22945: checking if more special flags are required for pthreads
configure:22952: result: no
configure:22957: checking for pthread_rwlock_t
configure:22982: gcc -c -g -O2 -pthread  conftest.c >&5
configure:22988: $? = 0
configure:22992: test -z 
			 || test ! -s conftest.err
configure:22995: $? = 0
configure:22998: test -s conftest.o
configure:23001: $? = 0
configure:23012: result: yes
configure:23030: checking for cc_r
configure:23057: result: gcc
configure:23153: checking for curl-config
configure:23186: result: no
configure:23237: checking curl/curl.h usability
configure:23249: gcc -c -g -O2  -I/usr/local/include conftest.c >&5
conftest.c:86:23: fatal error: curl/curl.h: No such file or directory
compilation terminated.
configure:23255: $? = 1
configure: failed program was:
| /* confdefs.h.  */
| 
| #define PACKAGE_NAME "Icecast"
| #define PACKAGE_TARNAME "icecast"
| #define PACKAGE_VERSION "2.3.0.rc1"
| #define PACKAGE_STRING "Icecast 2.3.0.rc1"
| #define PACKAGE_BUGREPORT "icecast@xiph.org"
| #define PACKAGE "icecast"
| #define VERSION "2.3.0.rc1"
| #define STDC_HEADERS 1
| #define HAVE_SYS_TYPES_H 1
| #define HAVE_SYS_STAT_H 1
| #define HAVE_STDLIB_H 1
| #define HAVE_STRING_H 1
| #define HAVE_MEMORY_H 1
| #define HAVE_STRINGS_H 1
| #define HAVE_INTTYPES_H 1
| #define HAVE_STDINT_H 1
| #define HAVE_UNISTD_H 1
| #define HAVE_DLFCN_H 1
| #ifdef __cplusplus
| extern "C" void exit (int) throw ();
| #endif
| #define _GNU_SOURCE 1
| #define STDC_HEADERS 1
| #define HAVE_ALLOCA_H 1
| #define HAVE_PWD_H 1
| #define CHUID 1
| #define HAVE_UNISTD_H 1
| #define CHROOT 1
| #define HAVE_LOCALTIME_R 1
| #define HAVE_POLL 1
| #define HAVE_NANOSLEEP 1
| #define HAVE_SYS_SOCKET_H 1
| #define HAVE_SOCKLEN_T 1
| #define HAVE_SYS_SELECT_H 1
| #define HAVE_SYS_UIO_H 1
| #define HAVE_SETHOSTENT 1
| #define HAVE_GETNAMEINFO 1
| #define HAVE_ENDHOSTENT 1
| #define HAVE_GETADDRINFO 1
| #define HAVE_INET_ATON 1
| #define HAVE_WRITEV 1
| #define HAVE_STRUCT_SOCKADDR_STORAGE_SS_FAMILY 1
| #define HAVE_INET_PTON 1
| #define HAVE_XSLTSAVERESULTTOSTRING 1
| #define HAVE_OGG 1
| #define HAVE_STRUCT_OVECTL_RATEMANAGE_ARG 1
| #define HAVE_PTHREAD_RWLOCK_T 1
| #define HAVE_PTHREAD 1
| /* end confdefs.h.  */
| #include <stdio.h>
| #if HAVE_SYS_TYPES_H
| # include <sys/types.h>
| #endif
| #if HAVE_SYS_STAT_H
| # include <sys/stat.h>
| #endif
| #if STDC_HEADERS
| # include <stdlib.h>
| # include <stddef.h>
| #else
| # if HAVE_STDLIB_H
| #  include <stdlib.h>
| # endif
| #endif
| #if HAVE_STRING_H
| # if !STDC_HEADERS && HAVE_MEMORY_H
| #  include <memory.h>
| # endif
| # include <string.h>
| #endif
| #if HAVE_STRINGS_H
| # include <strings.h>
| #endif
| #if HAVE_INTTYPES_H
| # include <inttypes.h>
| #else
| # if HAVE_STDINT_H
| #  include <stdint.h>
| # endif
| #endif
| #if HAVE_UNISTD_H
| # include <unistd.h>
| #endif
| #include <curl/curl.h>
configure:23278: result: no
configure:23282: checking curl/curl.h presence
configure:23292: gcc -E  -I/usr/local/include conftest.c
conftest.c:52:23: fatal error: curl/curl.h: No such file or directory
compilation terminated.
configure:23298: $? = 1
configure: failed program was:
| /* confdefs.h.  */
| 
| #define PACKAGE_NAME "Icecast"
| #define PACKAGE_TARNAME "icecast"
| #define PACKAGE_VERSION "2.3.0.rc1"
| #define PACKAGE_STRING "Icecast 2.3.0.rc1"
| #define PACKAGE_BUGREPORT "icecast@xiph.org"
| #define PACKAGE "icecast"
| #define VERSION "2.3.0.rc1"
| #define STDC_HEADERS 1
| #define HAVE_SYS_TYPES_H 1
| #define HAVE_SYS_STAT_H 1
| #define HAVE_STDLIB_H 1
| #define HAVE_STRING_H 1
| #define HAVE_MEMORY_H 1
| #define HAVE_STRINGS_H 1
| #define HAVE_INTTYPES_H 1
| #define HAVE_STDINT_H 1
| #define HAVE_UNISTD_H 1
| #define HAVE_DLFCN_H 1
| #ifdef __cplusplus
| extern "C" void exit (int) throw ();
| #endif
| #define _GNU_SOURCE 1
| #define STDC_HEADERS 1
| #define HAVE_ALLOCA_H 1
| #define HAVE_PWD_H 1
| #define CHUID 1
| #define HAVE_UNISTD_H 1
| #define CHROOT 1
| #define HAVE_LOCALTIME_R 1
| #define HAVE_POLL 1
| #define HAVE_NANOSLEEP 1
| #define HAVE_SYS_SOCKET_H 1
| #define HAVE_SOCKLEN_T 1
| #define HAVE_SYS_SELECT_H 1
| #define HAVE_SYS_UIO_H 1
| #define HAVE_SETHOSTENT 1
| #define HAVE_GETNAMEINFO 1
| #define HAVE_ENDHOSTENT 1
| #define HAVE_GETADDRINFO 1
| #define HAVE_INET_ATON 1
| #define HAVE_WRITEV 1
| #define HAVE_STRUCT_SOCKADDR_STORAGE_SS_FAMILY 1
| #define HAVE_INET_PTON 1
| #define HAVE_XSLTSAVERESULTTOSTRING 1
| #define HAVE_OGG 1
| #define HAVE_STRUCT_OVECTL_RATEMANAGE_ARG 1
| #define HAVE_PTHREAD_RWLOCK_T 1
| #define HAVE_PTHREAD 1
| /* end confdefs.h.  */
| #include <curl/curl.h>
configure:23318: result: no
configure:23353: checking for curl/curl.h
configure:23360: result: no
configure:23375: checking for libcurl
configure:23535: result: no
configure:23539: libcurl not found
configure:23562: YP support disabled
configure:23691: creating ./config.status

## ---------------- ##
## Cache variables. ##
## ---------------- ##

ac_cv_build=x86_64-unknown-linux-gnu
ac_cv_build_alias=x86_64-unknown-linux-gnu
ac_cv_c_compiler_gnu=yes
ac_cv_cxx_compiler_gnu=yes
ac_cv_env_CC_set=
ac_cv_env_CC_value=
ac_cv_env_CFLAGS_set=
ac_cv_env_CFLAGS_value=
ac_cv_env_CPPFLAGS_set=
ac_cv_env_CPPFLAGS_value=
ac_cv_env_CPP_set=
ac_cv_env_CPP_value=
ac_cv_env_CXXCPP_set=
ac_cv_env_CXXCPP_value=
ac_cv_env_CXXFLAGS_set=
ac_cv_env_CXXFLAGS_value=
ac_cv_env_CXX_set=
ac_cv_env_CXX_value=
ac_cv_env_F77_set=
ac_cv_env_F77_value=
ac_cv_env_FFLAGS_set=
ac_cv_env_FFLAGS_value=
ac_cv_env_LDFLAGS_set=
ac_cv_env_LDFLAGS_value=
ac_cv_env_OGG_PREFIX_set=
ac_cv_env_OGG_PREFIX_value=
ac_cv_env_SPEEX_set=
ac_cv_env_SPEEX_value=
ac_cv_env_THEORA_set=
ac_cv_env_THEORA_value=
ac_cv_env_VORBIS_PREFIX_set=
ac_cv_env_VORBIS_PREFIX_value=
ac_cv_env_XSLTCONFIG_set=
ac_cv_env_XSLTCONFIG_value=
ac_cv_env_build_alias_set=
ac_cv_env_build_alias_value=
ac_cv_env_host_alias_set=
ac_cv_env_host_alias_value=
ac_cv_env_target_alias_set=
ac_cv_env_target_alias_value=
ac_cv_exeext=
ac_cv_f77_compiler_gnu=no
ac_cv_func_endhostent=yes
ac_cv_func_getaddrinfo=yes
ac_cv_func_inet_aton=yes
ac_cv_func_inet_pton=yes
ac_cv_func_localtime_r=yes
ac_cv_func_poll=yes
ac_cv_func_writev=yes
ac_cv_func_xsltSaveResultToString=yes
ac_cv_header_alloca_h=yes
ac_cv_header_curl_curl_h=no
ac_cv_header_dlfcn_h=yes
ac_cv_header_inttypes_h=yes
ac_cv_header_memory_h=yes
ac_cv_header_pwd_h=yes
ac_cv_header_stdc=yes
ac_cv_header_stdint_h=yes
ac_cv_header_stdlib_h=yes
ac_cv_header_string_h=yes
ac_cv_header_strings_h=yes
ac_cv_header_sys_select_h=yes
ac_cv_header_sys_socket_h=yes
ac_cv_header_sys_stat_h=yes
ac_cv_header_sys_types_h=yes
ac_cv_header_sys_uio_h=yes
ac_cv_header_unistd_h=yes
ac_cv_header_winsock2_h=no
ac_cv_host=x86_64-unknown-linux-gnu
ac_cv_host_alias=x86_64-unknown-linux-gnu
ac_cv_member_struct_sockaddr_storage_ss_family=yes
ac_cv_objext=o
ac_cv_path_XSLTCONFIG=/usr/bin/xslt-config
ac_cv_path_install='/usr/bin/install -c'
ac_cv_prog_AWK=mawk
ac_cv_prog_CPP='gcc -E'
ac_cv_prog_CXXCPP='g++ -E'
ac_cv_prog_PTHREAD_CC=gcc
ac_cv_prog_ac_ct_AR=ar
ac_cv_prog_ac_ct_CC=gcc
ac_cv_prog_ac_ct_CXX=g++
ac_cv_prog_ac_ct_RANLIB=ranlib
ac_cv_prog_ac_ct_STRIP=strip
ac_cv_prog_cc_g=yes
ac_cv_prog_cc_stdc=
ac_cv_prog_cxx_g=yes
ac_cv_prog_egrep='grep -E'
ac_cv_prog_f77_g=no
ac_cv_prog_fgrep='grep -F'
ac_cv_prog_make_make_set=yes
ac_cv_search_getnameinfo='none required'
ac_cv_search_nanosleep='none required'
ac_cv_search_sethostent='none required'
ac_cv_type_pthread_rwlock_t=yes
ac_cv_type_socklen_t=yes
ac_cv_type_struct_ovectl_ratemanage_arg=yes
am_cv_CC_dependencies_compiler_type=gcc3
am_cv_CXX_dependencies_compiler_type=gcc3
lt_cv_deplibs_check_method=pass_all
lt_cv_file_magic_cmd='$MAGIC_CMD'
lt_cv_file_magic_test_file='/lib/libc.so* /lib/libc-*.so'
lt_cv_ld_reload_flag=-r
lt_cv_objdir=.libs
lt_cv_path_LD=/usr/bin/ld
lt_cv_path_LDCXX='/usr/bin/ld -m elf_x86_64'
lt_cv_path_NM='/usr/bin/nm -B'
lt_cv_path_SED=/bin/sed
lt_cv_prog_compiler_c_o=yes
lt_cv_prog_compiler_c_o_CXX=yes
lt_cv_prog_compiler_rtti_exceptions=no
lt_cv_prog_gnu_ld=yes
lt_cv_prog_gnu_ldcxx=yes
lt_cv_sys_global_symbol_pipe='sed -n -e '\''s/^.*[ 	]\([ABCDGIRSTW][ABCDGIRSTW]*\)[ 	][ 	]*\(\)\([_A-Za-z][_A-Za-z0-9]*\)$/\1 \2\3 \3/p'\'''
lt_cv_sys_global_symbol_to_c_name_address='sed -n -e '\''s/^: \([^ ]*\) $/  {\"\1\", (lt_ptr) 0},/p'\'' -e '\''s/^[BCDEGRST] \([^ ]*\) \([^ ]*\)$/  {"\2", (lt_ptr) \&\2},/p'\'''
lt_cv_sys_global_symbol_to_cdecl='sed -n -e '\''s/^. .* \(.*\)$/extern int \1;/p'\'''
lt_cv_sys_max_cmd_len=32768
lt_lt_cv_prog_compiler_c_o='"yes"'
lt_lt_cv_prog_compiler_c_o_CXX='"yes"'
lt_lt_cv_sys_global_symbol_pipe='"sed -n -e '\''s/^.*[ 	]\\([ABCDGIRSTW][ABCDGIRSTW]*\\)[ 	][ 	]*\\(\\)\\([_A-Za-z][_A-Za-z0-9]*\\)\$/\\1 \\2\\3 \\3/p'\''"'
lt_lt_cv_sys_global_symbol_to_c_name_address='"sed -n -e '\''s/^: \\([^ ]*\\) \$/  {\\\"\\1\\\", (lt_ptr) 0},/p'\'' -e '\''s/^[BCDEGRST] \\([^ ]*\\) \\([^ ]*\\)\$/  {\"\\2\", (lt_ptr) \\&\\2},/p'\''"'
lt_lt_cv_sys_global_symbol_to_cdecl='"sed -n -e '\''s/^. .* \\(.*\\)\$/extern int \\1;/p'\''"'
xt_cv_lib_ogg=ok

## ----------------- ##
## Output variables. ##
## ----------------- ##

ACLOCAL='${SHELL} /home/hayden/wahoo-home/kitsune/dev/examples/icecast/icecast-2.3.0.rc1/missing --run aclocal-1.6'
AMDEPBACKSLASH='\'
AMDEP_FALSE='#'
AMDEP_TRUE=''
AMTAR='${SHELL} /home/hayden/wahoo-home/kitsune/dev/examples/icecast/icecast-2.3.0.rc1/missing --run tar'
AR='ar'
AUTOCONF='${SHELL} /home/hayden/wahoo-home/kitsune/dev/examples/icecast/icecast-2.3.0.rc1/missing --run autoconf'
AUTOHEADER='${SHELL} /home/hayden/wahoo-home/kitsune/dev/examples/icecast/icecast-2.3.0.rc1/missing --run autoheader'
AUTOMAKE='${SHELL} /home/hayden/wahoo-home/kitsune/dev/examples/icecast/icecast-2.3.0.rc1/missing --run automake-1.6'
AWK='mawk'
CC='gcc'
CCDEPMODE='depmode=gcc3'
CFLAGS='-g -O2'
CPP='gcc -E'
CPPFLAGS=''
CURL_CONFIG=''
CXX='g++'
CXXCPP='g++ -E'
CXXDEPMODE='depmode=gcc3'
CXXFLAGS='-g -O2'
DEBUG='-g'
DEFS='-DHAVE_CONFIG_H'
DEPDIR='.deps'
ECHO='echo'
ECHO_C=''
ECHO_N='-n'
ECHO_T=''
EGREP='grep -E'
EXEEXT=''
F77=''
FFLAGS=''
FGREP='grep -F'
ICECAST_OPTIONAL=' format_vorbis.o'
INSTALL_DATA='${INSTALL} -m 644'
INSTALL_PROGRAM='${INSTALL}'
INSTALL_SCRIPT='${INSTALL}'
INSTALL_STRIP_PROGRAM='${SHELL} $(install_sh) -c -s'
LDFLAGS=''
LIBOBJS=''
LIBS=''
LIBTOOL='$(SHELL) $(top_builddir)/libtool'
LIBTOOL_DEPS='./ltmain.sh'
LN_S='ln -s'
LTLIBOBJS=''
MAINT='#'
MAINTAINER_MODE_FALSE=''
MAINTAINER_MODE_TRUE='#'
MAKEINFO='${SHELL} /home/hayden/wahoo-home/kitsune/dev/examples/icecast/icecast-2.3.0.rc1/missing --run makeinfo'
OBJEXT='o'
OGG_CFLAGS='-I/usr/local/include'
OGG_LDFLAGS='-L/usr/local/lib'
OGG_LIBS='-logg'
OGG_PREFIX=''
PACKAGE='icecast'
PACKAGE_BUGREPORT='icecast@xiph.org'
PACKAGE_NAME='Icecast'
PACKAGE_STRING='Icecast 2.3.0.rc1'
PACKAGE_TARNAME='icecast'
PACKAGE_VERSION='2.3.0.rc1'
PATH_SEPARATOR=':'
PROFILE='-pg -g'
PTHREAD_CC='gcc'
PTHREAD_CFLAGS='-pthread'
PTHREAD_CPPFLAGS=''
PTHREAD_LIBS=''
RANLIB='ranlib'
SET_MAKE=''
SHELL='/bin/sh'
SPEEX=''
SPEEX_CFLAGS=''
SPEEX_LDFLAGS=''
SPEEX_LIBS=''
STRIP='strip'
THEORA=''
THEORA_CFLAGS=''
THEORA_LDFLAGS=''
THEORA_LIBS=''
VERSION='2.3.0.rc1'
VORBISENC_LIBS='-lvorbisenc'
VORBISFILE_LIBS='-lvorbisfile'
VORBIS_CFLAGS='-I/usr/local/include'
VORBIS_LDFLAGS='-L/usr/local/lib'
VORBIS_LIBS='-lvorbis -logg -lm'
VORBIS_PREFIX=''
XIPH_CFLAGS=' -pthread'
XIPH_CPPFLAGS='-Wall -ffast-math -fsigned-char -I/usr/include/libxml2 -I/usr/local/include'
XIPH_LDFLAGS=' -L/usr/local/lib'
XIPH_LIBS='  -lvorbis -logg -lm  -L/usr/lib -lxslt -lxml2 '
XSLTCONFIG='/usr/bin/xslt-config'
ac_ct_AR='ar'
ac_ct_CC='gcc'
ac_ct_CXX='g++'
ac_ct_F77=''
ac_ct_RANLIB='ranlib'
ac_ct_STRIP='strip'
acx_pthread_config=''
am__include='include'
am__quote=''
bindir='${exec_prefix}/bin'
build='x86_64-unknown-linux-gnu'
build_alias=''
build_cpu='x86_64'
build_os='linux-gnu'
build_vendor='unknown'
datadir='${prefix}/share'
exec_prefix='${prefix}'
host='x86_64-unknown-linux-gnu'
host_alias=''
host_cpu='x86_64'
host_os='linux-gnu'
host_vendor='unknown'
includedir='${prefix}/include'
infodir='${prefix}/info'
install_sh='/home/hayden/wahoo-home/kitsune/dev/examples/icecast/icecast-2.3.0.rc1/install-sh'
libdir='${exec_prefix}/lib'
libexecdir='${exec_prefix}/libexec'
localstatedir='${prefix}/var'
mandir='${prefix}/man'
oldincludedir='/usr/include'
prefix='/usr/local'
program_transform_name='s,x,x,'
sbindir='${exec_prefix}/sbin'
sharedstatedir='${prefix}/com'
sysconfdir='${prefix}/etc'
target_alias=''

## ----------- ##
## confdefs.h. ##
## ----------- ##

#define CHROOT 1
#define CHUID 1
#define HAVE_ALLOCA_H 1
#define HAVE_DLFCN_H 1
#define HAVE_ENDHOSTENT 1
#define HAVE_GETADDRINFO 1
#define HAVE_GETNAMEINFO 1
#define HAVE_INET_ATON 1
#define HAVE_INET_PTON 1
#define HAVE_INTTYPES_H 1
#define HAVE_LOCALTIME_R 1
#define HAVE_MEMORY_H 1
#define HAVE_NANOSLEEP 1
#define HAVE_OGG 1
#define HAVE_POLL 1
#define HAVE_PTHREAD 1
#define HAVE_PTHREAD_RWLOCK_T 1
#define HAVE_PWD_H 1
#define HAVE_SETHOSTENT 1
#define HAVE_SOCKLEN_T 1
#define HAVE_STDINT_H 1
#define HAVE_STDLIB_H 1
#define HAVE_STRINGS_H 1
#define HAVE_STRING_H 1
#define HAVE_STRUCT_OVECTL_RATEMANAGE_ARG 1
#define HAVE_STRUCT_SOCKADDR_STORAGE_SS_FAMILY 1
#define HAVE_SYS_SELECT_H 1
#define HAVE_SYS_SOCKET_H 1
#define HAVE_SYS_STAT_H 1
#define HAVE_SYS_TYPES_H 1
#define HAVE_SYS_UIO_H 1
#define HAVE_UNISTD_H 1
#define HAVE_UNISTD_H 1
#define HAVE_WRITEV 1
#define HAVE_XSLTSAVERESULTTOSTRING 1
#define PACKAGE "icecast"
#define PACKAGE_BUGREPORT "icecast@xiph.org"
#define PACKAGE_NAME "Icecast"
#define PACKAGE_STRING "Icecast 2.3.0.rc1"
#define PACKAGE_TARNAME "icecast"
#define PACKAGE_VERSION "2.3.0.rc1"
#define STDC_HEADERS 1
#define STDC_HEADERS 1
#define VERSION "2.3.0.rc1"
#define _GNU_SOURCE 1
#endif
#ifdef __cplusplus
extern "C" void exit (int) throw ();

configure: exit 0

## ---------------------- ##
## Running config.status. ##
## ---------------------- ##

This file was extended by Icecast config.status 2.3.0.rc1, which was
generated by GNU Autoconf 2.59.  Invocation command line was

  CONFIG_FILES    = 
  CONFIG_HEADERS  = 
  CONFIG_LINKS    = 
  CONFIG_COMMANDS = 
  $ ./config.status config.h

on black

config.status:860: creating config.h
config.status:1040: config.h is unchanged
